\BOOKMARK [1][-]{section.1}{Introduction}{}% 1
\BOOKMARK [1][-]{section.2}{Background}{}% 2
\BOOKMARK [2][-]{subsection.2.1}{Scope and Aims}{section.2}% 3
\BOOKMARK [2][-]{subsection.2.2}{Assumptions}{section.2}% 4
\BOOKMARK [1][-]{section.3}{Literature Review}{}% 5
\BOOKMARK [2][-]{subsection.3.1}{Technical Assumptions}{section.3}% 6
\BOOKMARK [2][-]{subsection.3.2}{Simulating Room Acoustics}{section.3}% 7
\BOOKMARK [2][-]{subsection.3.3}{Processing Algorithms}{section.3}% 8
\BOOKMARK [2][-]{subsection.3.4}{Evaluation Techniques}{section.3}% 9
\BOOKMARK [1][-]{section.4}{Project Plan and Management}{}% 10
\BOOKMARK [2][-]{subsection.4.1}{Management Strategy}{section.4}% 11
\BOOKMARK [2][-]{subsection.4.2}{Implementation Plan}{section.4}% 12
\BOOKMARK [2][-]{subsection.4.3}{Evaluation Plan}{section.4}% 13
\BOOKMARK [2][-]{subsection.4.4}{Project Risks and Contingency Plan}{section.4}% 14
\BOOKMARK [2][-]{subsection.4.5}{Safety, Legal and Ethical Plan}{section.4}% 15
\BOOKMARK [1][-]{section.5}{Progress to Date}{}% 16
\BOOKMARK [2][-]{subsection.5.1}{Phase I - Capturing Audio Data and Establishing Testbench}{section.5}% 17
\BOOKMARK [2][-]{subsection.5.2}{Phase II - Developing Processing Algorithm}{section.5}% 18
\BOOKMARK [2][-]{subsection.5.3}{Summary}{section.5}% 19
\BOOKMARK [1][-]{section.6}{Future Works}{}% 20
\BOOKMARK [2][-]{subsection.6.1}{Strategy}{section.6}% 21
\BOOKMARK [1][-]{section.7}{Conclusion}{}% 22
\BOOKMARK [1][-]{section.7}{List of Figures}{}% 23
\BOOKMARK [1][-]{section.7}{List of Tables}{}% 24
\BOOKMARK [1][-]{appendix.A}{Appendix Detailed Gantt Chart}{}% 25
\BOOKMARK [1][-]{appendix.B}{Appendix Code Listing}{}% 26
\BOOKMARK [1][-]{appendix.C}{Appendix Results of Phase I from Test Cases}{}% 27
