This is pdfTeX, Version 3.14159265-2.6-1.40.17 (TeX Live 2016/Debian) (preloaded format=pdflatex 2018.1.13)  20 JUN 2018 22:48
entering extended mode
 \write18 enabled.
 file:line:error style messages enabled.
 %&-line parsing enabled.
**main.tex
(./main.tex
LaTeX2e <2016/03/31> patch level 3
Babel <3.9r> and hyphenation patterns for 83 language(s) loaded.
(/usr/share/texlive/texmf-dist/tex/latex/base/article.cls
Document Class: article 2014/09/29 v1.4h Standard LaTeX document class
(/usr/share/texlive/texmf-dist/tex/latex/base/size12.clo
File: size12.clo 2014/09/29 v1.4h Standard LaTeX file (size option)
)
\c@part=\count79
\c@section=\count80
\c@subsection=\count81
\c@subsubsection=\count82
\c@paragraph=\count83
\c@subparagraph=\count84
\c@figure=\count85
\c@table=\count86
\abovecaptionskip=\skip41
\belowcaptionskip=\skip42
\bibindent=\dimen102
)
(/usr/share/texlive/texmf-dist/tex/latex/float/float.sty
Package: float 2001/11/08 v1.3d Float enhancements (AL)
\c@float@type=\count87
\float@exts=\toks14
\float@box=\box26
\@float@everytoks=\toks15
\@floatcapt=\box27
)
(/usr/share/texlive/texmf-dist/tex/latex/listings/listings.sty
(/usr/share/texlive/texmf-dist/tex/latex/graphics/keyval.sty
Package: keyval 2014/10/28 v1.15 key=value parser (DPC)
\KV@toks@=\toks16
)
\lst@mode=\count88
\lst@gtempboxa=\box28
\lst@token=\toks17
\lst@length=\count89
\lst@currlwidth=\dimen103
\lst@column=\count90
\lst@pos=\count91
\lst@lostspace=\dimen104
\lst@width=\dimen105
\lst@newlines=\count92
\lst@lineno=\count93
\lst@maxwidth=\dimen106

(/usr/share/texlive/texmf-dist/tex/latex/listings/lstmisc.sty
File: lstmisc.sty 2015/06/04 1.6 (Carsten Heinz)
\c@lstnumber=\count94
\lst@skipnumbers=\count95
\lst@framebox=\box29
)
(/usr/share/texlive/texmf-dist/tex/latex/listings/listings.cfg
File: listings.cfg 2015/06/04 1.6 listings configuration
))
Package: listings 2015/06/04 1.6 (Carsten Heinz)

(/usr/share/texlive/texmf-dist/tex/latex/appendix/appendix.sty
Package: appendix 2009/09/02 v1.2b extra appendix facilities
\c@@pps=\count96
\c@@ppsavesec=\count97
\c@@ppsaveapp=\count98
)
(/usr/share/texlive/texmf-dist/tex/latex/caption/caption.sty
Package: caption 2016/02/21 v3.3-144 Customizing captions (AR)

(/usr/share/texlive/texmf-dist/tex/latex/caption/caption3.sty
Package: caption3 2016/05/22 v1.7-166 caption3 kernel (AR)
Package caption3 Info: TeX engine: e-TeX on input line 67.
\captionmargin=\dimen107
\captionmargin@=\dimen108
\captionwidth=\dimen109
\caption@tempdima=\dimen110
\caption@indent=\dimen111
\caption@parindent=\dimen112
\caption@hangindent=\dimen113
)
\c@ContinuedFloat=\count99
Package caption Info: float package is loaded.
Package caption Info: listings package is loaded.
)
(/usr/share/texlive/texmf-dist/tex/latex/caption/subcaption.sty
Package: subcaption 2016/05/22 v1.1-161 Sub-captions (AR)
\c@subfigure=\count100
\c@subtable=\count101
)
(/usr/share/texlive/texmf-dist/tex/latex/geometry/geometry.sty
Package: geometry 2010/09/12 v5.6 Page Geometry

(/usr/share/texlive/texmf-dist/tex/generic/oberdiek/ifpdf.sty
Package: ifpdf 2016/05/14 v3.1 Provides the ifpdf switch
)
(/usr/share/texlive/texmf-dist/tex/generic/oberdiek/ifvtex.sty
Package: ifvtex 2016/05/16 v1.6 Detect VTeX and its facilities (HO)
Package ifvtex Info: VTeX not detected.
)
(/usr/share/texlive/texmf-dist/tex/generic/ifxetex/ifxetex.sty
Package: ifxetex 2010/09/12 v0.6 Provides ifxetex conditional
)
\Gm@cnth=\count102
\Gm@cntv=\count103
\c@Gm@tempcnt=\count104
\Gm@bindingoffset=\dimen114
\Gm@wd@mp=\dimen115
\Gm@odd@mp=\dimen116
\Gm@even@mp=\dimen117
\Gm@layoutwidth=\dimen118
\Gm@layoutheight=\dimen119
\Gm@layouthoffset=\dimen120
\Gm@layoutvoffset=\dimen121
\Gm@dimlist=\toks18
)
(/usr/share/texlive/texmf-dist/tex/latex/parskip/parskip.sty
Package: parskip 2001/04/09 non-zero parskip adjustments
)
(/usr/share/texlive/texmf-dist/tex/latex/graphics/graphicx.sty
Package: graphicx 2014/10/28 v1.0g Enhanced LaTeX Graphics (DPC,SPQR)

(/usr/share/texlive/texmf-dist/tex/latex/graphics/graphics.sty
Package: graphics 2016/07/10 v1.0t Standard LaTeX Graphics (DPC,SPQR)

(/usr/share/texlive/texmf-dist/tex/latex/graphics/trig.sty
Package: trig 2016/01/03 v1.10 sin cos tan (DPC)
)
(/usr/share/texlive/texmf-dist/tex/latex/graphics-cfg/graphics.cfg
File: graphics.cfg 2016/06/04 v1.11 sample graphics configuration
)
Package graphics Info: Driver file: pdftex.def on input line 99.

(/usr/share/texlive/texmf-dist/tex/latex/graphics-def/pdftex.def
File: pdftex.def 2016/07/10 v0.06j Graphics/color for pdfTeX

(/usr/share/texlive/texmf-dist/tex/generic/oberdiek/infwarerr.sty
Package: infwarerr 2016/05/16 v1.4 Providing info/warning/error messages (HO)
)
(/usr/share/texlive/texmf-dist/tex/generic/oberdiek/ltxcmds.sty
Package: ltxcmds 2016/05/16 v1.23 LaTeX kernel commands for general use (HO)
)
\Gread@gobject=\count105
))
\Gin@req@height=\dimen122
\Gin@req@width=\dimen123
)
(/usr/share/texlive/texmf-dist/tex/latex/adjustbox/adjustbox.sty
Package: adjustbox 2012/05/21 v1.0 Adjusting TeX boxes (trim, clip, ...)

(/usr/share/texlive/texmf-dist/tex/latex/xkeyval/xkeyval.sty
Package: xkeyval 2014/12/03 v2.7a package option processing (HA)

(/usr/share/texlive/texmf-dist/tex/generic/xkeyval/xkeyval.tex
(/usr/share/texlive/texmf-dist/tex/generic/xkeyval/xkvutils.tex
\XKV@toks=\toks19
\XKV@tempa@toks=\toks20
)
\XKV@depth=\count106
File: xkeyval.tex 2014/12/03 v2.7a key=value parser (HA)
))
(/usr/share/texlive/texmf-dist/tex/latex/adjustbox/adjcalc.sty
Package: adjcalc 2012/05/16 v1.1 Provides advanced setlength with multiple back
-ends (calc, etex, pgfmath)
)
(/usr/share/texlive/texmf-dist/tex/latex/adjustbox/trimclip.sty
Package: trimclip 2012/05/16 v1.0 Trim and clip general TeX material

(/usr/share/texlive/texmf-dist/tex/latex/collectbox/collectbox.sty
Package: collectbox 2012/05/17 v0.4b Collect macro arguments as boxes
\collectedbox=\box30
)
\tc@llx=\dimen124
\tc@lly=\dimen125
\tc@urx=\dimen126
\tc@ury=\dimen127
Package trimclip Info: Using driver 'tc-pdftex.def'.

(/usr/share/texlive/texmf-dist/tex/latex/adjustbox/tc-pdftex.def
File: tc-pdftex.def 2012/05/13 v1.0 Clipping driver for pdftex
))
\adjbox@Width=\dimen128
\adjbox@Height=\dimen129
\adjbox@Depth=\dimen130
\adjbox@Totalheight=\dimen131

(/usr/share/texlive/texmf-dist/tex/latex/ifoddpage/ifoddpage.sty
Package: ifoddpage 2016/04/23 v1.1 Conditionals for odd/even page detection
\c@checkoddpage=\count107
)
(/usr/share/texlive/texmf-dist/tex/latex/varwidth/varwidth.sty
Package: varwidth 2009/03/30 ver 0.92;  Variable-width minipages
\@vwid@box=\box31
\sift@deathcycles=\count108
\@vwid@loff=\dimen132
\@vwid@roff=\dimen133
))
(/usr/share/texlive/texmf-dist/tex/latex/siunitx/siunitx.sty
(/usr/share/texlive/texmf-dist/tex/latex/l3kernel/expl3.sty
Package: expl3 2016/05/18 v6512 L3 programming layer (loader) 

(/usr/share/texlive/texmf-dist/tex/latex/l3kernel/expl3-code.tex
Package: expl3 2016/05/18 v6512 L3 programming layer (code)
L3 Module: l3bootstrap 2016/02/12 v6412 L3 Bootstrap code
L3 Module: l3names 2016/03/11 v6433 L3 Namespace for primitives
L3 Module: l3basics 2015/11/22 v6315 L3 Basic definitions
L3 Module: l3expan 2015/09/10 v5983 L3 Argument expansion
L3 Module: l3tl 2016/03/26 v6465 L3 Token lists
L3 Module: l3str 2016/03/24 v6441 L3 Strings
L3 Module: l3seq 2015/08/05 v5777 L3 Sequences and stacks
L3 Module: l3int 2016/03/24 v6441 L3 Integers
\c_max_int=\count109
\l_tmpa_int=\count110
\l_tmpb_int=\count111
\g_tmpa_int=\count112
\g_tmpb_int=\count113
L3 Module: l3quark 2015/08/17 v5855 L3 Quarks
L3 Module: l3prg 2015/11/01 v6216 L3 Control structures
\g__prg_map_int=\count114
L3 Module: l3clist 2015/09/02 v5901 L3 Comma separated lists
L3 Module: l3token 2016/04/03 v6470 L3 Experimental token manipulation
L3 Module: l3prop 2016/01/05 v6366 L3 Property lists
L3 Module: l3msg 2016/03/26 v6464 L3 Messages
L3 Module: l3file 2016/03/25 v6458 L3 File and I/O operations
\l_iow_line_count_int=\count115
\l__iow_target_count_int=\count116
\l__iow_current_line_int=\count117
\l__iow_current_word_int=\count118
\l__iow_current_indentation_int=\count119
L3 Module: l3skip 2016/01/05 v6366 L3 Dimensions and skips
\c_zero_dim=\dimen134
\c_max_dim=\dimen135
\l_tmpa_dim=\dimen136
\l_tmpb_dim=\dimen137
\g_tmpa_dim=\dimen138
\g_tmpb_dim=\dimen139
\c_zero_skip=\skip43
\c_max_skip=\skip44
\l_tmpa_skip=\skip45
\l_tmpb_skip=\skip46
\g_tmpa_skip=\skip47
\g_tmpb_skip=\skip48
\c_zero_muskip=\muskip10
\c_max_muskip=\muskip11
\l_tmpa_muskip=\muskip12
\l_tmpb_muskip=\muskip13
\g_tmpa_muskip=\muskip14
\g_tmpb_muskip=\muskip15
L3 Module: l3keys 2015/11/17 v6284 L3 Key-value interfaces
\g__keyval_level_int=\count120
\l_keys_choice_int=\count121
L3 Module: l3fp 2016/03/26 v6465 L3 Floating points
\c__fp_leading_shift_int=\count122
\c__fp_middle_shift_int=\count123
\c__fp_trailing_shift_int=\count124
\c__fp_big_leading_shift_int=\count125
\c__fp_big_middle_shift_int=\count126
\c__fp_big_trailing_shift_int=\count127
\c__fp_Bigg_leading_shift_int=\count128
\c__fp_Bigg_middle_shift_int=\count129
\c__fp_Bigg_trailing_shift_int=\count130
L3 Module: l3box 2015/08/09 v5822 L3 Experimental boxes
\c_empty_box=\box32
\l_tmpa_box=\box33
\l_tmpb_box=\box34
\g_tmpa_box=\box35
\g_tmpb_box=\box36
L3 Module: l3coffins 2016/05/17 v6508 L3 Coffin code layer
\l__coffin_internal_box=\box37
\l__coffin_internal_dim=\dimen140
\l__coffin_offset_x_dim=\dimen141
\l__coffin_offset_y_dim=\dimen142
\l__coffin_x_dim=\dimen143
\l__coffin_y_dim=\dimen144
\l__coffin_x_prime_dim=\dimen145
\l__coffin_y_prime_dim=\dimen146
\c_empty_coffin=\box38
\l__coffin_aligned_coffin=\box39
\l__coffin_aligned_internal_coffin=\box40
\l_tmpa_coffin=\box41
\l_tmpb_coffin=\box42
\l__coffin_display_coffin=\box43
\l__coffin_display_coord_coffin=\box44
\l__coffin_display_pole_coffin=\box45
\l__coffin_display_offset_dim=\dimen147
\l__coffin_display_x_dim=\dimen148
\l__coffin_display_y_dim=\dimen149
L3 Module: l3color 2014/08/23 v5354 L3 Experimental color support
L3 Module: l3sys 2015/09/25 v6087 L3 Experimental system/runtime functions
L3 Module: l3candidates 2016/05/13 v6484 L3 Experimental additions to l3kernel
\l__box_top_dim=\dimen150
\l__box_bottom_dim=\dimen151
\l__box_left_dim=\dimen152
\l__box_right_dim=\dimen153
\l__box_top_new_dim=\dimen154
\l__box_bottom_new_dim=\dimen155
\l__box_left_new_dim=\dimen156
\l__box_right_new_dim=\dimen157
\l__box_internal_box=\box46
\l__coffin_bounding_shift_dim=\dimen158
\l__coffin_left_corner_dim=\dimen159
\l__coffin_right_corner_dim=\dimen160
\l__coffin_bottom_corner_dim=\dimen161
\l__coffin_top_corner_dim=\dimen162
\l__coffin_scaled_total_height_dim=\dimen163
\l__coffin_scaled_width_dim=\dimen164
L3 Module: l3luatex 2016/03/26 v6465 L3 Experimental LuaTeX-specific functions
)
(/usr/share/texlive/texmf-dist/tex/latex/l3kernel/l3pdfmode.def
File: l3pdfmode.def 2016/03/26 v6465 L3 Experimental driver: PDF mode
\l__driver_color_stack_int=\count131
\l__driver_tmp_box=\box47
))
(/usr/share/texlive/texmf-dist/tex/latex/l3packages/xparse/xparse.sty
Package: xparse 2016/05/18 v6512 L3 Experimental document command parser
\l__xparse_current_arg_int=\count132
\l__xparse_m_args_int=\count133
\l__xparse_mandatory_args_int=\count134
\l__xparse_processor_int=\count135
\l__xparse_v_nesting_int=\count136
)
Package: siunitx 2016/03/01 v2.6q A comprehensive (SI) units package

(/usr/share/texlive/texmf-dist/tex/latex/amsmath/amstext.sty
Package: amstext 2000/06/29 v2.01 AMS text

(/usr/share/texlive/texmf-dist/tex/latex/amsmath/amsgen.sty
File: amsgen.sty 1999/11/30 v2.0 generic functions
\@emptytoks=\toks21
\ex@=\dimen165
))
(/usr/share/texlive/texmf-dist/tex/latex/tools/array.sty
Package: array 2014/10/28 v2.4c Tabular extension package (FMi)
\col@sep=\dimen166
\extrarowheight=\dimen167
\NC@list=\toks22
\extratabsurround=\skip49
\backup@length=\skip50
)
(/usr/share/texlive/texmf-dist/tex/latex/l3packages/l3keys2e/l3keys2e.sty
Package: l3keys2e 2016/05/18 v6512 LaTeX2e option processing using LaTeX3 keys
)
\l__siunitx_tmp_box=\box48
\l__siunitx_tmp_dim=\dimen168
\l__siunitx_tmp_int=\count137
\l__siunitx_number_mantissa_length_int=\count138
\l__siunitx_number_uncert_length_int=\count139
\l__siunitx_round_int=\count140
\l__siunitx_process_decimal_int=\count141
\l__siunitx_process_uncertainty_int=\count142
\l__siunitx_process_fixed_int=\count143
\l__siunitx_process_integer_min_int=\count144
\l__siunitx_process_precision_int=\count145
\l__siunitx_group_min_int=\count146
\l__siunitx_angle_marker_box=\box49
\l__siunitx_angle_unit_box=\box50
\l__siunitx_angle_marker_dim=\dimen169
\l__siunitx_angle_unit_dim=\dimen170
\l__siunitx_unit_int=\count147
\l__siunitx_unit_denominator_int=\count148
\l__siunitx_unit_numerator_int=\count149
\l__siunitx_unit_prefix_int=\count150
\l__siunitx_unit_prefix_base_int=\count151
\l__siunitx_unit_prefix_gram_int=\count152
\l__siunitx_number_product_int=\count153
\c__siunitx_one_fill_skip=\skip51
\l__siunitx_table_unit_align_skip=\skip52
\l__siunitx_table_exponent_dim=\dimen171
\l__siunitx_table_integer_dim=\dimen172
\l__siunitx_table_mantissa_dim=\dimen173
\l__siunitx_table_marker_dim=\dimen174
\l__siunitx_table_result_dim=\dimen175
\l__siunitx_table_uncert_dim=\dimen176
\l__siunitx_table_fill_pre_dim=\dimen177
\l__siunitx_table_fill_post_dim=\dimen178
\l__siunitx_table_fill_mid_dim=\dimen179
\l__siunitx_table_pre_box=\box51
\l__siunitx_table_post_box=\box52
\l__siunitx_table_mantissa_box=\box53
\l__siunitx_table_result_box=\box54
\l__siunitx_table_number_align_skip=\skip53
\l__siunitx_table_text_align_skip=\skip54
.................................................
. LaTeX info: "xparse/define-command"
. 
. Defining command \DeclareBinaryPrefix with sig. 'mmm' on line 7218.
.................................................
.................................................
. LaTeX info: "xparse/define-command"
. 
. Defining command \DeclareSIPostPower with sig. 'mm' on line 7221.
.................................................
.................................................
. LaTeX info: "xparse/define-command"
. 
. Defining command \DeclareSIPrefix with sig. 'mmm' on line 7224.
.................................................
.................................................
. LaTeX info: "xparse/define-command"
. 
. Defining command \DeclareSIPrePower with sig. 'mm' on line 7227.
.................................................
.................................................
. LaTeX info: "xparse/define-command"
. 
. Defining command \DeclareSIQualifier with sig. 'mm' on line 7230.
.................................................
.................................................
. LaTeX info: "xparse/define-command"
. 
. Defining command \DeclareSIUnit with sig. 'O{}mm' on line 7233.
.................................................
.................................................
. LaTeX info: "xparse/define-command"
. 
. Defining command \DeclareSIUnitWithOptions with sig. 'mmm' on line 7236.
.................................................
.................................................
. LaTeX info: "xparse/define-command"
. 
. Defining command \ang with sig. 'o>{\SplitArgument {2}{;}}m' on line 7251.
.................................................
.................................................
. LaTeX info: "xparse/define-command"
. 
. Defining command \num with sig. 'om' on line 7260.
.................................................
.................................................
. LaTeX info: "xparse/define-command"
. 
. Defining command \numlist with sig. 'o>{\SplitList {;}}m' on line 7269.
.................................................
.................................................
. LaTeX info: "xparse/define-command"
. 
. Defining command \numrange with sig. 'omm' on line 7278.
.................................................
.................................................
. LaTeX info: "xparse/define-command"
. 
. Defining command \SIlist with sig. 'o>{\SplitList {;}}mm' on line 7290.
.................................................
.................................................
. LaTeX info: "xparse/define-command"
. 
. Defining command \SIrange with sig. 'ommm' on line 7302.
.................................................
.................................................
. LaTeX info: "xparse/define-command"
. 
. Defining command \SI with sig. 'omom' on line 7314.
.................................................
.................................................
. LaTeX info: "xparse/define-command"
. 
. Defining command \sisetup with sig. 'm' on line 7317.
.................................................
.................................................
. LaTeX info: "xparse/define-command"
. 
. Defining command \tablenum with sig. 'om' on line 7332.
.................................................
.................................................
. LaTeX info: "xparse/define-command"
. 
. Defining command \si with sig. 'om' on line 7344.
.................................................
.................................................
. LaTeX info: "xparse/define-command"
. 
. Defining command \__siunitx_bookmark_num:w with sig. 'om' on line 7391.
.................................................
.................................................
. LaTeX info: "xparse/define-command"
. 
. Defining command \__siunitx_bookmark_numrange:w with sig. 'omm' on line
. 7393.
.................................................
.................................................
. LaTeX info: "xparse/define-command"
. 
. Defining command \__siunitx_bookmark_SI:w with sig. 'omom' on line 7395.
.................................................
.................................................
. LaTeX info: "xparse/define-command"
. 
. Defining command \__siunitx_bookmark_SIlist:w with sig. 'omm' on line 7397.
.................................................
.................................................
. LaTeX info: "xparse/define-command"
. 
. Defining command \__siunitx_bookmark_SIrange:w with sig. 'ommm' on line
. 7399.
.................................................
.................................................
. LaTeX info: "xparse/define-command"
. 
. Defining command \__siunitx_bookmark_si:w with sig. 'om' on line 7400.
.................................................
\g__file_internal_ior=\read1

(/usr/share/texlive/texmf-dist/tex/latex/beamer/translator/translator.sty
Package: translator 2010/06/12 ver 1.10

(/usr/share/texlive/texmf-dist/tex/latex/beamer/translator/translator-language-
mappings.tex))) (/usr/share/texlive/texmf-dist/tex/latex/amsmath/amsmath.sty
Package: amsmath 2016/06/28 v2.15d AMS math features
\@mathmargin=\skip55

For additional information on amsmath, use the `?' option.
(/usr/share/texlive/texmf-dist/tex/latex/amsmath/amsbsy.sty
Package: amsbsy 1999/11/29 v1.2d Bold Symbols
\pmbraise@=\dimen180
)
(/usr/share/texlive/texmf-dist/tex/latex/amsmath/amsopn.sty
Package: amsopn 2016/03/08 v2.02 operator names
)
\inf@bad=\count154
LaTeX Info: Redefining \frac on input line 199.
\uproot@=\count155
\leftroot@=\count156
LaTeX Info: Redefining \overline on input line 297.
\classnum@=\count157
\DOTSCASE@=\count158
LaTeX Info: Redefining \ldots on input line 394.
LaTeX Info: Redefining \dots on input line 397.
LaTeX Info: Redefining \cdots on input line 518.
\Mathstrutbox@=\box55
\strutbox@=\box56
\big@size=\dimen181
LaTeX Font Info:    Redeclaring font encoding OML on input line 634.
LaTeX Font Info:    Redeclaring font encoding OMS on input line 635.
\macc@depth=\count159
\c@MaxMatrixCols=\count160
\dotsspace@=\muskip16
\c@parentequation=\count161
\dspbrk@lvl=\count162
\tag@help=\toks23
\row@=\count163
\column@=\count164
\maxfields@=\count165
\andhelp@=\toks24
\eqnshift@=\dimen182
\alignsep@=\dimen183
\tagshift@=\dimen184
\tagwidth@=\dimen185
\totwidth@=\dimen186
\lineht@=\dimen187
\@envbody=\toks25
\multlinegap=\skip56
\multlinetaggap=\skip57
\mathdisplay@stack=\toks26
LaTeX Info: Redefining \[ on input line 2739.
LaTeX Info: Redefining \] on input line 2740.
)
(/usr/share/texlive/texmf-dist/tex/latex/amsfonts/amssymb.sty
Package: amssymb 2013/01/14 v3.01 AMS font symbols

(/usr/share/texlive/texmf-dist/tex/latex/amsfonts/amsfonts.sty
Package: amsfonts 2013/01/14 v3.01 Basic AMSFonts support
\symAMSa=\mathgroup4
\symAMSb=\mathgroup5
LaTeX Font Info:    Overwriting math alphabet `\mathfrak' in version `bold'
(Font)                  U/euf/m/n --> U/euf/b/n on input line 106.
))
(/usr/share/texlive/texmf-dist/tex/latex/mathtools/mathtools.sty
Package: mathtools 2015/11/12 v1.18 mathematical typesetting tools

(/usr/share/texlive/texmf-dist/tex/latex/tools/calc.sty
Package: calc 2014/10/28 v4.3 Infix arithmetic (KKT,FJ)
\calc@Acount=\count166
\calc@Bcount=\count167
\calc@Adimen=\dimen188
\calc@Bdimen=\dimen189
\calc@Askip=\skip58
\calc@Bskip=\skip59
LaTeX Info: Redefining \setlength on input line 80.
LaTeX Info: Redefining \addtolength on input line 81.
\calc@Ccount=\count168
\calc@Cskip=\skip60
)
(/usr/share/texlive/texmf-dist/tex/latex/mathtools/mhsetup.sty
Package: mhsetup 2010/01/21 v1.2a programming setup (MH)
)
LaTeX Info: Thecontrolsequence`\('isalreadyrobust on input line 129.
LaTeX Info: Thecontrolsequence`\)'isalreadyrobust on input line 129.
LaTeX Info: Thecontrolsequence`\['isalreadyrobust on input line 129.
LaTeX Info: Thecontrolsequence`\]'isalreadyrobust on input line 129.
\g_MT_multlinerow_int=\count169
\l_MT_multwidth_dim=\dimen190
\origjot=\skip61
\l_MT_shortvdotswithinadjustabove_dim=\dimen191
\l_MT_shortvdotswithinadjustbelow_dim=\dimen192
\l_MT_above_intertext_sep=\dimen193
\l_MT_below_intertext_sep=\dimen194
\l_MT_above_shortintertext_sep=\dimen195
\l_MT_below_shortintertext_sep=\dimen196
)
(/usr/share/texlive/texmf-dist/tex/latex/commath/commath.sty
(/usr/share/texlive/texmf-dist/tex/latex/base/ifthen.sty
Package: ifthen 2014/09/29 v1.1c Standard LaTeX ifthen package (DPC)
))
(/usr/share/texlive/texmf-dist/tex/latex/multirow/multirow.sty
\bigstrutjot=\dimen197
)
(/usr/share/texlive/texmf-dist/tex/latex/setspace/setspace.sty
Package: setspace 2011/12/19 v6.7a set line spacing
)
(/usr/share/texlive/texmf-dist/tex/latex/tools/tabularx.sty
Package: tabularx 2016/02/03 v2.11 `tabularx' package (DPC)
\TX@col@width=\dimen198
\TX@old@table=\dimen199
\TX@old@col=\dimen256
\TX@target=\dimen257
\TX@delta=\dimen258
\TX@cols=\count170
\TX@ftn=\toks27
)
(/usr/share/texlive/texmf-dist/tex/latex/oberdiek/pdflscape.sty
Package: pdflscape 2016/05/14 v0.11 Display of landscape pages in PDF (HO)

(/usr/share/texlive/texmf-dist/tex/latex/graphics/lscape.sty
Package: lscape 2000/10/22 v3.01 Landscape Pages (DPC)
)
Package pdflscape Info: Auto-detected driver: pdftex on input line 81.
)
(/usr/share/texlive/texmf-dist/tex/latex/datetime/datetime.sty
Package: datetime 2015/03/20 v2.60 Date Time Package

(/usr/share/texlive/texmf-dist/tex/latex/etoolbox/etoolbox.sty
Package: etoolbox 2015/08/02 v2.2a e-TeX tools for LaTeX (JAW)
\etb@tempcnta=\count171
)
(/usr/share/texlive/texmf-dist/tex/latex/fmtcount/fmtcount.sty
Package: fmtcount 2015/05/05 v3.01

(/usr/share/texlive/texmf-dist/tex/latex/fmtcount/fcprefix.sty
Package: fcprefix 2012/09/28

(/usr/share/texlive/texmf-dist/tex/latex/fmtcount/fcnumparser.sty
Package: fcnumparser 2012/09/28
\fc@digit@counter=\count172
))
\c@padzeroesN=\count173
\fc@tmpcatcode=\count174
\@DT@modctr=\count175
\@ordinalctr=\count176
\@orgargctr=\count177
\@strctr=\count178
\@tmpstrctr=\count179
\@DT@loopN=\count180
\@DT@X=\count181

(/usr/share/texlive/texmf-dist/tex/latex/fmtcount/fc-english.def
File: fc-english.def 2013/08/17
))
(/usr/share/texlive/texmf-dist/tex/latex/datetime/datetime-defaults.sty
Package: datetime-defaults 2013/09/10
)
\@day=\count182
\@month=\count183
\@year=\count184
\c@HOUR=\count185
\c@HOURXII=\count186
\c@MINUTE=\count187
\c@TOHOUR=\count188
\c@TOMINUTE=\count189
\c@SECOND=\count190
\currenthour=\count191
\currentminute=\count192
\currentsecond=\count193
Package datetime Info: No datetime.cfg file found, using default settings on in
put line 308.
\@dtctr=\count194
\dayofyear=\count195
\dayofweek=\count196
LaTeX Info: Redefining \today on input line 736.
\dt@a=\toks28
\dt@b=\toks29
)
(/usr/share/texlive/texmf-dist/tex/latex/wrapfig/wrapfig.sty
\wrapoverhang=\dimen259
\WF@size=\dimen260
\c@WF@wrappedlines=\count197
\WF@box=\box57
\WF@everypar=\toks30
Package: wrapfig 2003/01/31  v 3.6
)
(/usr/share/texlive/texmf-dist/tex/latex/titlesec/titlesec.sty
Package: titlesec 2016/03/21 v2.10.2 Sectioning titles
\ttl@box=\box58
\beforetitleunit=\skip62
\aftertitleunit=\skip63
\ttl@plus=\dimen261
\ttl@minus=\dimen262
\ttl@toksa=\toks31
\titlewidth=\dimen263
\titlewidthlast=\dimen264
\titlewidthfirst=\dimen265
)
(/usr/share/texlive/texmf-dist/tex/latex/tocbibind/tocbibind.sty
Package: tocbibind 2010/10/13 v1.5k extra ToC listings
Package tocbibind Info: The document has section divisions on input line 50.


Package tocbibind Note: Using section or other style headings.

)
(/usr/share/texlive/texmf-dist/tex/latex/matlab-prettifier/matlab-prettifier.st
y
Package: matlab-prettifier 2014/06/19 v0.3 A package for prettyprinting Matlab 
source code
 (/usr/share/texlive/texmf-dist/tex/latex/base/textcomp.sty
Package: textcomp 2016/06/19 v1.99m Standard LaTeX package
Package textcomp Info: Sub-encoding information:
(textcomp)               5 = only ISO-Adobe without \textcurrency
(textcomp)               4 = 5 + \texteuro
(textcomp)               3 = 4 + \textohm
(textcomp)               2 = 3 + \textestimated + \textcurrency
(textcomp)               1 = TS1 - \textcircled - \t
(textcomp)               0 = TS1 (full)
(textcomp)             Font families with sub-encoding setting implement
(textcomp)             only a restricted character set as indicated.
(textcomp)             Family '?' is the default used for unknown fonts.
(textcomp)             See the documentation for details.
Package textcomp Info: Setting ? sub-encoding to TS1/1 on input line 79.

(/usr/share/texlive/texmf-dist/tex/latex/base/ts1enc.def
File: ts1enc.def 2001/06/05 v3.0e (jk/car/fm) Standard LaTeX file
)
LaTeX Info: Redefining \oldstylenums on input line 334.
Package textcomp Info: Setting cmr sub-encoding to TS1/0 on input line 349.
Package textcomp Info: Setting cmss sub-encoding to TS1/0 on input line 350.
Package textcomp Info: Setting cmtt sub-encoding to TS1/0 on input line 351.
Package textcomp Info: Setting cmvtt sub-encoding to TS1/0 on input line 352.
Package textcomp Info: Setting cmbr sub-encoding to TS1/0 on input line 353.
Package textcomp Info: Setting cmtl sub-encoding to TS1/0 on input line 354.
Package textcomp Info: Setting ccr sub-encoding to TS1/0 on input line 355.
Package textcomp Info: Setting ptm sub-encoding to TS1/4 on input line 356.
Package textcomp Info: Setting pcr sub-encoding to TS1/4 on input line 357.
Package textcomp Info: Setting phv sub-encoding to TS1/4 on input line 358.
Package textcomp Info: Setting ppl sub-encoding to TS1/3 on input line 359.
Package textcomp Info: Setting pag sub-encoding to TS1/4 on input line 360.
Package textcomp Info: Setting pbk sub-encoding to TS1/4 on input line 361.
Package textcomp Info: Setting pnc sub-encoding to TS1/4 on input line 362.
Package textcomp Info: Setting pzc sub-encoding to TS1/4 on input line 363.
Package textcomp Info: Setting bch sub-encoding to TS1/4 on input line 364.
Package textcomp Info: Setting put sub-encoding to TS1/5 on input line 365.
Package textcomp Info: Setting uag sub-encoding to TS1/5 on input line 366.
Package textcomp Info: Setting ugq sub-encoding to TS1/5 on input line 367.
Package textcomp Info: Setting ul8 sub-encoding to TS1/4 on input line 368.
Package textcomp Info: Setting ul9 sub-encoding to TS1/4 on input line 369.
Package textcomp Info: Setting augie sub-encoding to TS1/5 on input line 370.
Package textcomp Info: Setting dayrom sub-encoding to TS1/3 on input line 371.
Package textcomp Info: Setting dayroms sub-encoding to TS1/3 on input line 372.

Package textcomp Info: Setting pxr sub-encoding to TS1/0 on input line 373.
Package textcomp Info: Setting pxss sub-encoding to TS1/0 on input line 374.
Package textcomp Info: Setting pxtt sub-encoding to TS1/0 on input line 375.
Package textcomp Info: Setting txr sub-encoding to TS1/0 on input line 376.
Package textcomp Info: Setting txss sub-encoding to TS1/0 on input line 377.
Package textcomp Info: Setting txtt sub-encoding to TS1/0 on input line 378.
Package textcomp Info: Setting lmr sub-encoding to TS1/0 on input line 379.
Package textcomp Info: Setting lmdh sub-encoding to TS1/0 on input line 380.
Package textcomp Info: Setting lmss sub-encoding to TS1/0 on input line 381.
Package textcomp Info: Setting lmssq sub-encoding to TS1/0 on input line 382.
Package textcomp Info: Setting lmvtt sub-encoding to TS1/0 on input line 383.
Package textcomp Info: Setting lmtt sub-encoding to TS1/0 on input line 384.
Package textcomp Info: Setting qhv sub-encoding to TS1/0 on input line 385.
Package textcomp Info: Setting qag sub-encoding to TS1/0 on input line 386.
Package textcomp Info: Setting qbk sub-encoding to TS1/0 on input line 387.
Package textcomp Info: Setting qcr sub-encoding to TS1/0 on input line 388.
Package textcomp Info: Setting qcs sub-encoding to TS1/0 on input line 389.
Package textcomp Info: Setting qpl sub-encoding to TS1/0 on input line 390.
Package textcomp Info: Setting qtm sub-encoding to TS1/0 on input line 391.
Package textcomp Info: Setting qzc sub-encoding to TS1/0 on input line 392.
Package textcomp Info: Setting qhvc sub-encoding to TS1/0 on input line 393.
Package textcomp Info: Setting futs sub-encoding to TS1/4 on input line 394.
Package textcomp Info: Setting futx sub-encoding to TS1/4 on input line 395.
Package textcomp Info: Setting futj sub-encoding to TS1/4 on input line 396.
Package textcomp Info: Setting hlh sub-encoding to TS1/3 on input line 397.
Package textcomp Info: Setting hls sub-encoding to TS1/3 on input line 398.
Package textcomp Info: Setting hlst sub-encoding to TS1/3 on input line 399.
Package textcomp Info: Setting hlct sub-encoding to TS1/5 on input line 400.
Package textcomp Info: Setting hlx sub-encoding to TS1/5 on input line 401.
Package textcomp Info: Setting hlce sub-encoding to TS1/5 on input line 402.
Package textcomp Info: Setting hlcn sub-encoding to TS1/5 on input line 403.
Package textcomp Info: Setting hlcw sub-encoding to TS1/5 on input line 404.
Package textcomp Info: Setting hlcf sub-encoding to TS1/5 on input line 405.
Package textcomp Info: Setting pplx sub-encoding to TS1/3 on input line 406.
Package textcomp Info: Setting pplj sub-encoding to TS1/3 on input line 407.
Package textcomp Info: Setting ptmx sub-encoding to TS1/4 on input line 408.
Package textcomp Info: Setting ptmj sub-encoding to TS1/4 on input line 409.
)
(/usr/share/texlive/texmf-dist/tex/latex/xcolor/xcolor.sty
Package: xcolor 2016/05/11 v2.12 LaTeX color extensions (UK)

(/usr/share/texlive/texmf-dist/tex/latex/graphics-cfg/color.cfg
File: color.cfg 2016/01/02 v1.6 sample color configuration
)
Package xcolor Info: Driver file: pdftex.def on input line 225.
Package xcolor Info: Model `cmy' substituted by `cmy0' on input line 1348.
Package xcolor Info: Model `hsb' substituted by `rgb' on input line 1352.
Package xcolor Info: Model `RGB' extended on input line 1364.
Package xcolor Info: Model `HTML' substituted by `rgb' on input line 1366.
Package xcolor Info: Model `Hsb' substituted by `hsb' on input line 1367.
Package xcolor Info: Model `tHsb' substituted by `hsb' on input line 1368.
Package xcolor Info: Model `HSB' substituted by `hsb' on input line 1369.
Package xcolor Info: Model `Gray' substituted by `gray' on input line 1370.
Package xcolor Info: Model `wave' substituted by `hsb' on input line 1371.
)
\netBracketCount@mlpr=\count198
\blkLvl@mlpr=\count199
\blkLvlAtClassdef@mlpr=\count266
\emHeight@mlpr=\skip64
\jayDepth@mlpr=\skip65
\sectionRuleOffset@mlpr=\skip66
\toks@mlpr=\toks32
)
(./IEEEtrantools.sty
Package: IEEEtrantools 2015/08/26 V1.5 by Michael Shell

-- See the "IEEEtrantools_doc.txt" manual for usage information.
-- http://www.michaelshell.org/tex/ieeetran/tools/
\@IEEEtrantmpdimenA=\dimen266
\@IEEEtrantmpdimenB=\dimen267
\@IEEEtrantmpdimenC=\dimen268
\@IEEEtrantmpcountA=\count267
\@IEEEtrantmpcountB=\count268
\@IEEEtrantmpcountC=\count269
\@IEEEtrantmptoksA=\toks33
\IEEEnormaljot=\dimen269
\IEEEquantizedlength=\dimen270
\IEEEquantizedlengthdiff=\dimen271
\IEEEquantizedtextheightdiff=\dimen272
\IEEEilabelindentA=\dimen273
\IEEEilabelindentB=\dimen274
\IEEEilabelindent=\dimen275
\IEEEelabelindent=\dimen276
\IEEEdlabelindent=\dimen277
\IEEElabelindent=\dimen278
\IEEEiednormlabelsep=\dimen279
\IEEEiedmathlabelsep=\dimen280
\IEEEiedtopsep=\skip67
\c@IEEEsubequation=\count270
\@IEEEeqnnumcols=\count271
\@IEEEeqncolcnt=\count272
\@IEEEsubeqnnumrollback=\count273
\IEEEPARstartletwidth=\dimen281
) (/usr/share/texlive/texmf-dist/tex/latex/notoccite/notoccite.sty
Package: notoccite 2000/07/20
)
(/usr/share/texlive/texmf-dist/tex/latex/hyperref/hyperref.sty
Package: hyperref 2016/06/24 v6.83q Hypertext links for LaTeX

(/usr/share/texlive/texmf-dist/tex/generic/oberdiek/hobsub-hyperref.sty
Package: hobsub-hyperref 2016/05/16 v1.14 Bundle oberdiek, subset hyperref (HO)


(/usr/share/texlive/texmf-dist/tex/generic/oberdiek/hobsub-generic.sty
Package: hobsub-generic 2016/05/16 v1.14 Bundle oberdiek, subset generic (HO)
Package: hobsub 2016/05/16 v1.14 Construct package bundles (HO)
Package hobsub Info: Skipping package `infwarerr' (already loaded).
Package hobsub Info: Skipping package `ltxcmds' (already loaded).
Package: ifluatex 2016/05/16 v1.4 Provides the ifluatex switch (HO)
Package ifluatex Info: LuaTeX not detected.
Package hobsub Info: Skipping package `ifvtex' (already loaded).
Package: intcalc 2016/05/16 v1.2 Expandable calculations with integers (HO)
Package hobsub Info: Skipping package `ifpdf' (already loaded).
Package: etexcmds 2016/05/16 v1.6 Avoid name clashes with e-TeX commands (HO)
Package etexcmds Info: Could not find \expanded.
(etexcmds)             That can mean that you are not using pdfTeX 1.50 or
(etexcmds)             that some package has redefined \expanded.
(etexcmds)             In the latter case, load this package earlier.
Package: kvsetkeys 2016/05/16 v1.17 Key value parser (HO)
Package: kvdefinekeys 2016/05/16 v1.4 Define keys (HO)
Package: pdftexcmds 2016/05/21 v0.22 Utility functions of pdfTeX for LuaTeX (HO
)
Package pdftexcmds Info: LuaTeX not detected.
Package pdftexcmds Info: \pdf@primitive is available.
Package pdftexcmds Info: \pdf@ifprimitive is available.
Package pdftexcmds Info: \pdfdraftmode found.
Package: pdfescape 2016/05/16 v1.14 Implements pdfTeX's escape features (HO)
Package: bigintcalc 2016/05/16 v1.4 Expandable calculations on big integers (HO
)
Package: bitset 2016/05/16 v1.2 Handle bit-vector datatype (HO)
Package: uniquecounter 2016/05/16 v1.3 Provide unlimited unique counter (HO)
)
Package hobsub Info: Skipping package `hobsub' (already loaded).
Package: letltxmacro 2016/05/16 v1.5 Let assignment for LaTeX macros (HO)
Package: hopatch 2016/05/16 v1.3 Wrapper for package hooks (HO)
Package: xcolor-patch 2016/05/16 xcolor patch
Package: atveryend 2016/05/16 v1.9 Hooks at the very end of document (HO)
Package: atbegshi 2016/06/09 v1.18 At begin shipout hook (HO)
Package: refcount 2016/05/16 v3.5 Data extraction from label references (HO)
Package: hycolor 2016/05/16 v1.8 Color options for hyperref/bookmark (HO)
)
(/usr/share/texlive/texmf-dist/tex/latex/oberdiek/auxhook.sty
Package: auxhook 2016/05/16 v1.4 Hooks for auxiliary files (HO)
)
(/usr/share/texlive/texmf-dist/tex/latex/oberdiek/kvoptions.sty
Package: kvoptions 2016/05/16 v3.12 Key value format for package options (HO)
)
\@linkdim=\dimen282
\Hy@linkcounter=\count274
\Hy@pagecounter=\count275

(/usr/share/texlive/texmf-dist/tex/latex/hyperref/pd1enc.def
File: pd1enc.def 2016/06/24 v6.83q Hyperref: PDFDocEncoding definition (HO)
)
\Hy@SavedSpaceFactor=\count276

(/usr/share/texlive/texmf-dist/tex/latex/latexconfig/hyperref.cfg
File: hyperref.cfg 2002/06/06 v1.2 hyperref configuration of TeXLive
)
Package hyperref Info: Option `colorlinks' set `false' on input line 4362.
Package hyperref Info: Hyper figures OFF on input line 4486.
Package hyperref Info: Link nesting OFF on input line 4491.
Package hyperref Info: Hyper index ON on input line 4494.
Package hyperref Info: Plain pages OFF on input line 4501.
Package hyperref Info: Backreferencing OFF on input line 4506.
Package hyperref Info: Implicit mode ON; LaTeX internals redefined.
Package hyperref Info: Bookmarks ON on input line 4735.
\c@Hy@tempcnt=\count277

(/usr/share/texlive/texmf-dist/tex/latex/url/url.sty
\Urlmuskip=\muskip17
Package: url 2013/09/16  ver 3.4  Verb mode for urls, etc.
)
LaTeX Info: Redefining \url on input line 5088.
\XeTeXLinkMargin=\dimen283
\Fld@menulength=\count278
\Field@Width=\dimen284
\Fld@charsize=\dimen285
Package hyperref Info: Hyper figures OFF on input line 6342.
Package hyperref Info: Link nesting OFF on input line 6347.
Package hyperref Info: Hyper index ON on input line 6350.
Package hyperref Info: backreferencing OFF on input line 6357.
Package hyperref Info: Link coloring OFF on input line 6362.
Package hyperref Info: Link coloring with OCG OFF on input line 6367.
Package hyperref Info: PDF/A mode OFF on input line 6372.
LaTeX Info: Redefining \ref on input line 6412.
LaTeX Info: Redefining \pageref on input line 6416.
\Hy@abspage=\count279
\c@Item=\count280
\c@Hfootnote=\count281
)

Package hyperref Message: Driver (autodetected): hpdftex.

(/usr/share/texlive/texmf-dist/tex/latex/hyperref/hpdftex.def
File: hpdftex.def 2016/06/24 v6.83q Hyperref driver for pdfTeX
\Fld@listcount=\count282
\c@bookmark@seq@number=\count283

(/usr/share/texlive/texmf-dist/tex/latex/oberdiek/rerunfilecheck.sty
Package: rerunfilecheck 2016/05/16 v1.8 Rerun checks for auxiliary files (HO)
Package uniquecounter Info: New unique counter `rerunfilecheck' on input line 2
82.
)
\Hy@SectionHShift=\skip68
)
(/usr/share/texlive/texmf-dist/tex/latex/cleveref/cleveref.sty
Package: cleveref 2013/12/28 v0.19 Intelligent cross-referencing
Package cleveref Info: `hyperref' support loaded on input line 2230.
LaTeX Info: Redefining \cref on input line 2230.
LaTeX Info: Redefining \Cref on input line 2230.
LaTeX Info: Redefining \crefrange on input line 2230.
LaTeX Info: Redefining \Crefrange on input line 2230.
LaTeX Info: Redefining \cpageref on input line 2230.
LaTeX Info: Redefining \Cpageref on input line 2230.
LaTeX Info: Redefining \cpagerefrange on input line 2230.
LaTeX Info: Redefining \Cpagerefrange on input line 2230.
LaTeX Info: Redefining \labelcref on input line 2230.
LaTeX Info: Redefining \labelcpageref on input line 2230.
Package cleveref Info: `IEEEtrantools' support loaded on input line 2919.
Package cleveref Info: `listings' support loaded on input line 2950.
)
(/usr/share/texlive/texmf-dist/tex/latex/fancyhdr/fancyhdr.sty
\fancy@headwidth=\skip69
\f@ncyO@elh=\skip70
\f@ncyO@erh=\skip71
\f@ncyO@olh=\skip72
\f@ncyO@orh=\skip73
\f@ncyO@elf=\skip74
\f@ncyO@erf=\skip75
\f@ncyO@olf=\skip76
\f@ncyO@orf=\skip77
)
(/usr/share/texlive/texmf-dist/tex/latex/nomencl/nomencl.sty
Package: nomencl 2005/09/22 v4.2 Nomenclature package (LN)
\nomlabelwidth=\dimen286
\nom@tempdim=\dimen287
\nomitemsep=\skip78
)
\@nomenclaturefile=\write3
\openout3 = `main.nlo'.


Writing nomenclature file main.nlo
(./main.aux)
\openout1 = `main.aux'.

LaTeX Font Info:    Checking defaults for OML/cmm/m/it on input line 63.
LaTeX Font Info:    ... okay on input line 63.
LaTeX Font Info:    Checking defaults for T1/cmr/m/n on input line 63.
LaTeX Font Info:    ... okay on input line 63.
LaTeX Font Info:    Checking defaults for OT1/cmr/m/n on input line 63.
LaTeX Font Info:    ... okay on input line 63.
LaTeX Font Info:    Checking defaults for OMS/cmsy/m/n on input line 63.
LaTeX Font Info:    ... okay on input line 63.
LaTeX Font Info:    Checking defaults for OMX/cmex/m/n on input line 63.
LaTeX Font Info:    ... okay on input line 63.
LaTeX Font Info:    Checking defaults for U/cmr/m/n on input line 63.
LaTeX Font Info:    ... okay on input line 63.
LaTeX Font Info:    Checking defaults for TS1/cmr/m/n on input line 63.
LaTeX Font Info:    Try loading font information for TS1+cmr on input line 63.
 (/usr/share/texlive/texmf-dist/tex/latex/base/ts1cmr.fd
File: ts1cmr.fd 2014/09/29 v2.5h Standard LaTeX font definitions
)
LaTeX Font Info:    ... okay on input line 63.
LaTeX Font Info:    Checking defaults for PD1/pdf/m/n on input line 63.
LaTeX Font Info:    ... okay on input line 63.
\c@lstlisting=\count284
Package caption Info: Begin \AtBeginDocument code.
Package caption Info: hyperref package is loaded.
Package caption Info: wrapfig package is loaded.
Package caption Info: End \AtBeginDocument code.

*geometry* driver: auto-detecting
*geometry* detected driver: pdftex
*geometry* verbose mode - [ preamble ] result:
* driver: pdftex
* paper: a4paper
* layout: <same size as paper>
* layoutoffset:(h,v)=(0.0pt,0.0pt)
* modes: twoside 
* h-part:(L,W,R)=(90.3375pt, 416.83289pt, 90.3375pt)
* v-part:(T,H,B)=(72.26999pt, 700.50687pt, 72.26999pt)
* \paperwidth=597.50787pt
* \paperheight=845.04684pt
* \textwidth=416.83289pt
* \textheight=700.50687pt
* \oddsidemargin=18.0675pt
* \evensidemargin=18.0675pt
* \topmargin=-37.0pt
* \headheight=12.0pt
* \headsep=25.0pt
* \topskip=12.0pt
* \footskip=30.0pt
* \marginparwidth=85.0pt
* \marginparsep=10.0pt
* \columnsep=10.0pt
* \skip\footins=10.8pt plus 4.0pt minus 2.0pt
* \hoffset=0.0pt
* \voffset=0.0pt
* \mag=1000
* \@twocolumnfalse
* \@twosidetrue
* \@mparswitchtrue
* \@reversemarginfalse
* (1in=72.27pt=25.4mm, 1cm=28.453pt)

(/usr/share/texlive/texmf-dist/tex/context/base/mkii/supp-pdf.mkii
[Loading MPS to PDF converter (version 2006.09.02).]
\scratchcounter=\count285
\scratchdimen=\dimen288
\scratchbox=\box59
\nofMPsegments=\count286
\nofMParguments=\count287
\everyMPshowfont=\toks34
\MPscratchCnt=\count288
\MPscratchDim=\dimen289
\MPnumerator=\count289
\makeMPintoPDFobject=\count290
\everyMPtoPDFconversion=\toks35
) (/usr/share/texlive/texmf-dist/tex/latex/oberdiek/epstopdf-base.sty
Package: epstopdf-base 2016/05/15 v2.6 Base part for package epstopdf

(/usr/share/texlive/texmf-dist/tex/latex/oberdiek/grfext.sty
Package: grfext 2016/05/16 v1.2 Manage graphics extensions (HO)
)
Package epstopdf-base Info: Redefining graphics rule for `.eps' on input line 4
38.
Package grfext Info: Graphics extension search list:
(grfext)             [.png,.pdf,.jpg,.mps,.jpeg,.jbig2,.jb2,.PNG,.PDF,.JPG,.JPE
G,.JBIG2,.JB2,.eps]
(grfext)             \AppendGraphicsExtensions on input line 456.

(/usr/share/texlive/texmf-dist/tex/latex/latexconfig/epstopdf-sys.cfg
File: epstopdf-sys.cfg 2010/07/13 v1.3 Configuration of (r)epstopdf for TeX Liv
e
))
(/usr/share/texlive/texmf-dist/tex/latex/beamer/translator/dicts/translator-bas
ic-dictionary/translator-basic-dictionary-English.dict
Dictionary: translator-basic-dictionary, Language: English 
)
(/usr/share/texlive/texmf-dist/tex/latex/siunitx/siunitx-abbreviations.cfg
File: siunitx-abbreviations.cfg 2016/03/01 v2.6q siunitx: Abbreviated units
)
\AtBeginShipoutBox=\box60
Package hyperref Info: Link coloring OFF on input line 63.

(/usr/share/texlive/texmf-dist/tex/latex/hyperref/nameref.sty
Package: nameref 2016/05/21 v2.44 Cross-referencing by name of section

(/usr/share/texlive/texmf-dist/tex/generic/oberdiek/gettitlestring.sty
Package: gettitlestring 2016/05/16 v1.5 Cleanup title references (HO)
)
\c@section@level=\count291
)
LaTeX Info: Redefining \ref on input line 63.
LaTeX Info: Redefining \pageref on input line 63.
LaTeX Info: Redefining \nameref on input line 63.

(./main.out) (./main.out)
\@outlinefile=\write4
\openout4 = `main.out'.

\c__siunitx_mathsf_int=\count292
LaTeX Font Info:    Try loading font information for U+msa on input line 63.

(/usr/share/texlive/texmf-dist/tex/latex/amsfonts/umsa.fd
File: umsa.fd 2013/01/14 v3.01 AMS symbols A
)
LaTeX Font Info:    Try loading font information for U+msb on input line 63.

(/usr/share/texlive/texmf-dist/tex/latex/amsfonts/umsb.fd
File: umsb.fd 2013/01/14 v3.01 AMS symbols B
)
\c__siunitx_mathtt_int=\count293
 (./nomenclature.tex) (./latex-coversheet.tex
Overfull \hbox (30.0pt too wide) in paragraph at lines 16--17
[][] 
 []

<figures/communications.png, id=54, 556.04753pt x 426.0694pt>
File: figures/communications.png Graphic file (type png)

<use figures/communications.png>
Package pdftex.def Info: figures/communications.png used on input line 19.
(pdftex.def)             Requested size: 222.79688pt x 170.71729pt.
 [1

{/var/lib/texmf/fonts/map/pdftex/updmap/pdftex.map} <./figures/communications.p
ng>]) [2

]
Underfull \hbox (badness 10000) in paragraph at lines 78--82

 []

[1

]
Underfull \hbox (badness 10000) in paragraph at lines 88--94

 []


Underfull \hbox (badness 10000) in paragraph at lines 88--94

 []

[2] (./main.toc [3])
\tf@toc=\write5
\openout5 = `main.toc'.

 [4] (./main.lof [5])
\tf@lof=\write6
\openout6 = `main.lof'.

 (./main.lot)
\tf@lot=\write7
\openout7 = `main.lot'.

 [6] (./main.nls)
[7] <figures/audiozoom.png, id=356, 617.30624pt x 427.5975pt>
File: figures/audiozoom.png Graphic file (type png)

<use figures/audiozoom.png>
Package pdftex.def Info: figures/audiozoom.png used on input line 128.
(pdftex.def)             Requested size: 204.2504pt x 141.4795pt.

Underfull \vbox (badness 7558) has occurred while \output is active []

pdfTeX warning (ext4): destination with the same identifier (name{page.1}) has 
been already used, duplicate ignored
<to be read again> 
                   \relax 
l.134 
       [1 <./figures/audiozoom.png>]
<figures/mobilephone.png, id=371, 416.90082pt x 184.4503pt>
File: figures/mobilephone.png Graphic file (type png)

<use figures/mobilephone.png>
Package pdftex.def Info: figures/mobilephone.png used on input line 151.
(pdftex.def)             Requested size: 183.8241pt x 81.33006pt.

<figures/doa.png, id=374, 326.833pt x 223.82127pt>
File: figures/doa.png Graphic file (type png)
 <use figures/doa.png>
Package pdftex.def Info: figures/doa.png used on input line 156.
(pdftex.def)             Requested size: 183.8241pt x 125.88548pt.
pdfTeX warning (ext4): destination with the same identifier (name{page.2}) has 
been already used, duplicate ignored
<to be read again> 
                   \relax 
l.162 
       [2] [3 <./figures/mobilephone.png> <./figures/doa.png>] [4]
<figures/microphone1.png, id=397, 303.64186pt x 215.73134pt>
File: figures/microphone1.png Graphic file (type png)

<use figures/microphone1.png>
Package pdftex.def Info: figures/microphone1.png used on input line 189.
(pdftex.def)             Requested size: 204.2504pt x 145.1153pt.

<figures/microphone2.png, id=398, 303.64186pt x 215.73134pt>
File: figures/microphone2.png Graphic file (type png)

<use figures/microphone2.png>
Package pdftex.def Info: figures/microphone2.png used on input line 194.
(pdftex.def)             Requested size: 204.2504pt x 145.1153pt.
 [5 <./figures/microphone1.png> <./figures/microphone2.png>]
Overfull \hbox (9.44801pt too wide) in paragraph at lines 211--213
\OT1/cmr/m/n/12 trans-form (STFT) of sig-nal $\OML/cmm/m/it/12 s[]\OT1/cmr/m/n/
12 (\OMS/cmsy/m/n/12 ^^A\OT1/cmr/m/n/12 )$ from source $\OML/cmm/m/it/12 k$ \OT
1/cmr/m/n/12 us-ing win-dow-ing func-tion $\OML/cmm/m/it/12 W\OT1/cmr/m/n/12 (\
OML/cmm/m/it/12 t\OT1/cmr/m/n/12 )$. 
 []

<figures/wortho.png, id=411, 342.47351pt x 260.49559pt>
File: figures/wortho.png Graphic file (type png)

<use figures/wortho.png>
Package pdftex.def Info: figures/wortho.png used on input line 218.
(pdftex.def)             Requested size: 270.93883pt x 206.08339pt.
 [6 <./figures/wortho.png>]
<figures/reflections.png, id=427, 458.96843pt x 187.68626pt>
File: figures/reflections.png Graphic file (type png)

<use figures/reflections.png>
Package pdftex.def Info: figures/reflections.png used on input line 240.
(pdftex.def)             Requested size: 270.93883pt x 110.79979pt.
 [7 <./figures/reflections.png>] [8] [9]
<figures/imagemethod.png, id=458, 325.75433pt x 205.4841pt>
File: figures/imagemethod.png Graphic file (type png)

<use figures/imagemethod.png>
Package pdftex.def Info: figures/imagemethod.png used on input line 284.
(pdftex.def)             Requested size: 250.10226pt x 157.76231pt.
 [10 <./figures/imagemethod.png>]
<figures/trigDelay1D.png, id=471, 152.62993pt x 140.7647pt>
File: figures/trigDelay1D.png Graphic file (type png)

<use figures/trigDelay1D.png>
Package pdftex.def Info: figures/trigDelay1D.png used on input line 306.
(pdftex.def)             Requested size: 145.89404pt x 134.55478pt.
 [11 <./figures/trigDelay1D.png>]
<figures/beamforming.png, id=484, 324.13634pt x 339.77687pt>
File: figures/beamforming.png Graphic file (type png)

<use figures/beamforming.png>
Package pdftex.def Info: figures/beamforming.png used on input line 328.
(pdftex.def)             Requested size: 125.05113pt x 131.0815pt.

<figures/beamformingalias.png, id=485, 278.29343pt x 288.54066pt>
File: figures/beamformingalias.png Graphic file (type png)

<use figures/beamformingalias.png>
Package pdftex.def Info: figures/beamformingalias.png used on input line 332.
(pdftex.def)             Requested size: 125.05113pt x 129.65717pt.

<figures/beamforminglargeN.png, id=486, 286.92268pt x 280.99008pt>
File: figures/beamforminglargeN.png Graphic file (type png)

<use figures/beamforminglargeN.png>
Package pdftex.def Info: figures/beamforminglargeN.png used on input line 336.
(pdftex.def)             Requested size: 125.05113pt x 122.4655pt.
 [12 <./figures/beamforming.png> <./figures/beamformingalias.png> <./figures/be
amforminglargeN.png>]
Overfull \hbox (8.4127pt too wide) in paragraph at lines 349--350
[]\OT1/cmr/m/n/12 Despite a wide beamwidth and spa-tial alias-ing, beam-form-in
g un-der dual-microphone
 []

[13] [14] <figures/stoi.png, id=533, 520.9912pt x 147.23665pt>
File: figures/stoi.png Graphic file (type png)

<use figures/stoi.png>
Package pdftex.def Info: figures/stoi.png used on input line 385.
(pdftex.def)             Requested size: 416.83289pt x 117.80519pt.
 [15 <./figures/stoi.png>]
<figures/pesq.PNG, id=545, 396.40634pt x 128.36015pt>
File: figures/pesq.PNG Graphic file (type png)
 <use figures/pesq.PNG>
Package pdftex.def Info: figures/pesq.PNG used on input line 411.
(pdftex.def)             Requested size: 375.14705pt x 121.48508pt.

Underfull \vbox (badness 4341) has occurred while \output is active []

 [16]
[17 <./figures/pesq.PNG>] [18] [19] [20]
Package epstopdf Info: Source file: <figures/1s_lo.eps>
(epstopdf)                    date: 2018-06-20 21:22:58
(epstopdf)                    size: 280317 bytes
(epstopdf)             Output file: <figures/1s_lo-eps-converted-to.pdf>
(epstopdf)                    date: 2018-06-20 21:23:04
(epstopdf)                    size: 141339 bytes
(epstopdf)             Command: <epstopdf --outfile=figures/1s_lo-eps-converted
-to.pdf figures/1s_lo.eps>
(epstopdf)             \includegraphics on input line 513.
Package epstopdf Info: Output file is already uptodate.

<figures/1s_lo-eps-converted-to.pdf, id=610, 311.1625pt x 321.2pt>
File: figures/1s_lo-eps-converted-to.pdf Graphic file (type pdf)

<use figures/1s_lo-eps-converted-to.pdf>
Package pdftex.def Info: figures/1s_lo-eps-converted-to.pdf used on input line 
513.
(pdftex.def)             Requested size: 133.38957pt x 137.6918pt.
Package epstopdf Info: Source file: <figures/2s_lo.eps>
(epstopdf)                    date: 2018-06-20 21:22:57
(epstopdf)                    size: 282475 bytes
(epstopdf)             Output file: <figures/2s_lo-eps-converted-to.pdf>
(epstopdf)                    date: 2018-06-20 21:23:04
(epstopdf)                    size: 143197 bytes
(epstopdf)             Command: <epstopdf --outfile=figures/2s_lo-eps-converted
-to.pdf figures/2s_lo.eps>
(epstopdf)             \includegraphics on input line 517.
Package epstopdf Info: Output file is already uptodate.

<figures/2s_lo-eps-converted-to.pdf, id=611, 311.1625pt x 321.2pt>
File: figures/2s_lo-eps-converted-to.pdf Graphic file (type pdf)

<use figures/2s_lo-eps-converted-to.pdf>
Package pdftex.def Info: figures/2s_lo-eps-converted-to.pdf used on input line 
517.
(pdftex.def)             Requested size: 133.38957pt x 137.6918pt.
Package epstopdf Info: Source file: <figures/3s_lo.eps>
(epstopdf)                    date: 2018-06-20 21:22:57
(epstopdf)                    size: 281830 bytes
(epstopdf)             Output file: <figures/3s_lo-eps-converted-to.pdf>
(epstopdf)                    date: 2018-06-20 21:23:05
(epstopdf)                    size: 142984 bytes
(epstopdf)             Command: <epstopdf --outfile=figures/3s_lo-eps-converted
-to.pdf figures/3s_lo.eps>
(epstopdf)             \includegraphics on input line 521.
Package epstopdf Info: Output file is already uptodate.

<figures/3s_lo-eps-converted-to.pdf, id=612, 311.1625pt x 321.2pt>
File: figures/3s_lo-eps-converted-to.pdf Graphic file (type pdf)

<use figures/3s_lo-eps-converted-to.pdf>
Package pdftex.def Info: figures/3s_lo-eps-converted-to.pdf used on input line 
521.
(pdftex.def)             Requested size: 133.38957pt x 137.6918pt.
 [21 <./figures/1s_lo-eps-converted-to.pdf> <./figures/2s_lo-eps-converted-to.p
df> <./figures/3s_lo-eps-converted-to.pdf>]
Package epstopdf Info: Source file: <figures/c1s1r1.eps>
(epstopdf)                    date: 2018-06-20 21:22:59
(epstopdf)                    size: 118742 bytes
(epstopdf)             Output file: <figures/c1s1r1-eps-converted-to.pdf>
(epstopdf)                    date: 2018-06-20 21:23:06
(epstopdf)                    size: 34281 bytes
(epstopdf)             Command: <epstopdf --outfile=figures/c1s1r1-eps-converte
d-to.pdf figures/c1s1r1.eps>
(epstopdf)             \includegraphics on input line 538.
Package epstopdf Info: Output file is already uptodate.
 <figures/c1s1r1-eps-converted-to.pdf, id=746, 466.74374pt x 126.4725pt>
File: figures/c1s1r1-eps-converted-to.pdf Graphic file (type pdf)

<use figures/c1s1r1-eps-converted-to.pdf>
Package pdftex.def Info: figures/c1s1r1-eps-converted-to.pdf used on input line
 538.
(pdftex.def)             Requested size: 333.46758pt x 90.36345pt.
Package epstopdf Info: Source file: <figures/c1s1r2.eps>
(epstopdf)                    date: 2018-06-20 21:22:59
(epstopdf)                    size: 113232 bytes
(epstopdf)             Output file: <figures/c1s1r2-eps-converted-to.pdf>
(epstopdf)                    date: 2018-06-20 21:23:06
(epstopdf)                    size: 33631 bytes
(epstopdf)             Command: <epstopdf --outfile=figures/c1s1r2-eps-converte
d-to.pdf figures/c1s1r2.eps>
(epstopdf)             \includegraphics on input line 539.
Package epstopdf Info: Output file is already uptodate.

<figures/c1s1r2-eps-converted-to.pdf, id=747, 467.7475pt x 125.46875pt>
File: figures/c1s1r2-eps-converted-to.pdf Graphic file (type pdf)

<use figures/c1s1r2-eps-converted-to.pdf>
Package pdftex.def Info: figures/c1s1r2-eps-converted-to.pdf used on input line
 539.
(pdftex.def)             Requested size: 333.46758pt x 89.45291pt.
Package epstopdf Info: Source file: <figures/c1s2r1.eps>
(epstopdf)                    date: 2018-06-20 21:22:59
(epstopdf)                    size: 118642 bytes
(epstopdf)             Output file: <figures/c1s2r1-eps-converted-to.pdf>
(epstopdf)                    date: 2018-06-20 21:23:06
(epstopdf)                    size: 38730 bytes
(epstopdf)             Command: <epstopdf --outfile=figures/c1s2r1-eps-converte
d-to.pdf figures/c1s2r1.eps>
(epstopdf)             \includegraphics on input line 540.
Package epstopdf Info: Output file is already uptodate.

<figures/c1s2r1-eps-converted-to.pdf, id=748, 466.74374pt x 125.46875pt>
File: figures/c1s2r1-eps-converted-to.pdf Graphic file (type pdf)

<use figures/c1s2r1-eps-converted-to.pdf>
Package pdftex.def Info: figures/c1s2r1-eps-converted-to.pdf used on input line
 540.
(pdftex.def)             Requested size: 333.46758pt x 89.64629pt.
Package epstopdf Info: Source file: <figures/c1s2r2.eps>
(epstopdf)                    date: 2018-06-20 21:22:59
(epstopdf)                    size: 118559 bytes
(epstopdf)             Output file: <figures/c1s2r2-eps-converted-to.pdf>
(epstopdf)                    date: 2018-06-20 21:23:07
(epstopdf)                    size: 39139 bytes
(epstopdf)             Command: <epstopdf --outfile=figures/c1s2r2-eps-converte
d-to.pdf figures/c1s2r2.eps>
(epstopdf)             \includegraphics on input line 541.
Package epstopdf Info: Output file is already uptodate.

<figures/c1s2r2-eps-converted-to.pdf, id=749, 466.74374pt x 127.47626pt>
File: figures/c1s2r2-eps-converted-to.pdf Graphic file (type pdf)

<use figures/c1s2r2-eps-converted-to.pdf>
Package pdftex.def Info: figures/c1s2r2-eps-converted-to.pdf used on input line
 541.
(pdftex.def)             Requested size: 333.46758pt x 91.08063pt.
Package epstopdf Info: Source file: <figures/c2s1r2.eps>
(epstopdf)                    date: 2018-06-20 21:22:59
(epstopdf)                    size: 119047 bytes
(epstopdf)             Output file: <figures/c2s1r2-eps-converted-to.pdf>
(epstopdf)                    date: 2018-06-20 21:23:07
(epstopdf)                    size: 31238 bytes
(epstopdf)             Command: <epstopdf --outfile=figures/c2s1r2-eps-converte
d-to.pdf figures/c2s1r2.eps>
(epstopdf)             \includegraphics on input line 549.
Package epstopdf Info: Output file is already uptodate.

<figures/c2s1r2-eps-converted-to.pdf, id=751, 465.74pt x 126.4725pt>
File: figures/c2s1r2-eps-converted-to.pdf Graphic file (type pdf)

<use figures/c2s1r2-eps-converted-to.pdf>
Package pdftex.def Info: figures/c2s1r2-eps-converted-to.pdf used on input line
 549.
(pdftex.def)             Requested size: 333.46758pt x 90.55644pt.
Package epstopdf Info: Source file: <figures/c2s2r1.eps>
(epstopdf)                    date: 2018-06-20 21:22:59
(epstopdf)                    size: 119082 bytes
(epstopdf)             Output file: <figures/c2s2r1-eps-converted-to.pdf>
(epstopdf)                    date: 2018-06-20 21:23:07
(epstopdf)                    size: 33935 bytes
(epstopdf)             Command: <epstopdf --outfile=figures/c2s2r1-eps-converte
d-to.pdf figures/c2s2r1.eps>
(epstopdf)             \includegraphics on input line 550.
Package epstopdf Info: Output file is already uptodate.

<figures/c2s2r1-eps-converted-to.pdf, id=752, 467.7475pt x 126.4725pt>
File: figures/c2s2r1-eps-converted-to.pdf Graphic file (type pdf)

<use figures/c2s2r1-eps-converted-to.pdf>
Package pdftex.def Info: figures/c2s2r1-eps-converted-to.pdf used on input line
 550.
(pdftex.def)             Requested size: 333.46758pt x 90.16855pt.
Package epstopdf Info: Source file: <figures/c3s1r2.eps>
(epstopdf)                    date: 2018-06-20 21:22:58
(epstopdf)                    size: 117762 bytes
(epstopdf)             Output file: <figures/c3s1r2-eps-converted-to.pdf>
(epstopdf)                    date: 2018-06-20 21:23:08
(epstopdf)                    size: 35148 bytes
(epstopdf)             Command: <epstopdf --outfile=figures/c3s1r2-eps-converte
d-to.pdf figures/c3s1r2.eps>
(epstopdf)             \includegraphics on input line 556.
Package epstopdf Info: Output file is already uptodate.

<figures/c3s1r2-eps-converted-to.pdf, id=753, 465.74pt x 125.46875pt>
File: figures/c3s1r2-eps-converted-to.pdf Graphic file (type pdf)

<use figures/c3s1r2-eps-converted-to.pdf>
Package pdftex.def Info: figures/c3s1r2-eps-converted-to.pdf used on input line
 556.
(pdftex.def)             Requested size: 333.46758pt x 89.83774pt.
Package epstopdf Info: Source file: <figures/c3s2r1.eps>
(epstopdf)                    date: 2018-06-20 21:22:58
(epstopdf)                    size: 117265 bytes
(epstopdf)             Output file: <figures/c3s2r1-eps-converted-to.pdf>
(epstopdf)                    date: 2018-06-20 21:23:08
(epstopdf)                    size: 34840 bytes
(epstopdf)             Command: <epstopdf --outfile=figures/c3s2r1-eps-converte
d-to.pdf figures/c3s2r1.eps>
(epstopdf)             \includegraphics on input line 557.
Package epstopdf Info: Output file is already uptodate.

<figures/c3s2r1-eps-converted-to.pdf, id=754, 466.74374pt x 125.46875pt>
File: figures/c3s2r1-eps-converted-to.pdf Graphic file (type pdf)

<use figures/c3s2r1-eps-converted-to.pdf>
Package pdftex.def Info: figures/c3s2r1-eps-converted-to.pdf used on input line
 557.
(pdftex.def)             Requested size: 333.46758pt x 89.64629pt.

Underfull \vbox (badness 5203) has occurred while \output is active []

 [22 <./figures/c1s1r1-eps-converted-to.pdf> <./figures/c1s1r2-eps-converted-to
.pdf> <./figures/c1s2r1-eps-converted-to.pdf> <./figures/c1s2r2-eps-converted-t
o.pdf>]
Underfull \vbox (badness 1769) has occurred while \output is active []

 [23 <./figures/c2s1r2-eps-converted-to.pdf> <./figures/c2s2r1-eps-converted-to
.pdf> <./figures/c3s1r2-eps-converted-to.pdf> <./figures/c3s2r1-eps-converted-t
o.pdf>]
<figures/spectsrc.png, id=830, 577.40718pt x 220.19766pt>
File: figures/spectsrc.png Graphic file (type png)

<use figures/spectsrc.png>
Package pdftex.def Info: figures/spectsrc.png used on input line 570.
(pdftex.def)             Requested size: 375.14705pt x 143.06966pt.

<figures/reverb.png, id=831, 577.40718pt x 220.19766pt>
File: figures/reverb.png Graphic file (type png)

<use figures/reverb.png>
Package pdftex.def Info: figures/reverb.png used on input line 575.
(pdftex.def)             Requested size: 375.14705pt x 143.06966pt.

<figures/spectrec.png, id=834, 577.40718pt x 220.19766pt>
File: figures/spectrec.png Graphic file (type png)

<use figures/spectrec.png>
Package pdftex.def Info: figures/spectrec.png used on input line 585.
(pdftex.def)             Requested size: 375.14705pt x 143.06966pt.
 [24 <./figures/spectsrc.png> <./figures/reverb.png>] [25 <./figures/spectrec.p
ng>]
<figures/steer.png, id=848, 628.43478pt x 368.68173pt>
File: figures/steer.png Graphic file (type png)
 <use figures/steer.png>
Package pdftex.def Info: figures/steer.png used on input line 602.
(pdftex.def)             Requested size: 291.78174pt x 171.18207pt.

[26 <./figures/steer.png>]
<figures/dsbblockdiagram.png, id=860, 825.0825pt x 143.53625pt>
File: figures/dsbblockdiagram.png Graphic file (type png)

<use figures/dsbblockdiagram.png>
Package pdftex.def Info: figures/dsbblockdiagram.png used on input line 625.
(pdftex.def)             Requested size: 416.83289pt x 72.51479pt.

<figures/dsbd10f300.png, id=863, 155.83218pt x 164.86594pt>
File: figures/dsbd10f300.png Graphic file (type png)

<use figures/dsbd10f300.png>
Package pdftex.def Info: figures/dsbd10f300.png used on input line 639.
(pdftex.def)             Requested size: 125.05113pt x 132.30295pt.

<figures/dsbd10f500.png, id=864, 155.83218pt x 164.86594pt>
File: figures/dsbd10f500.png Graphic file (type png)

<use figures/dsbd10f500.png>
Package pdftex.def Info: figures/dsbd10f500.png used on input line 640.
(pdftex.def)             Requested size: 125.05113pt x 132.30295pt.

<figures/dsbd10f1000.png, id=865, 155.83218pt x 164.86594pt>
File: figures/dsbd10f1000.png Graphic file (type png)

<use figures/dsbd10f1000.png>
Package pdftex.def Info: figures/dsbd10f1000.png used on input line 641.
(pdftex.def)             Requested size: 125.05113pt x 132.30295pt.

<figures/dsbd10f1700.png, id=866, 155.83218pt x 164.86594pt>
File: figures/dsbd10f1700.png Graphic file (type png)

<use figures/dsbd10f1700.png>
Package pdftex.def Info: figures/dsbd10f1700.png used on input line 642.
(pdftex.def)             Requested size: 125.05113pt x 132.30295pt.

<figures/dsbd10f2500.png, id=867, 155.83218pt x 164.86594pt>
File: figures/dsbd10f2500.png Graphic file (type png)

<use figures/dsbd10f2500.png>
Package pdftex.def Info: figures/dsbd10f2500.png used on input line 643.
(pdftex.def)             Requested size: 125.05113pt x 132.30295pt.

<figures/dsbd10f3000.png, id=868, 155.83218pt x 164.86594pt>
File: figures/dsbd10f3000.png Graphic file (type png)

<use figures/dsbd10f3000.png>
Package pdftex.def Info: figures/dsbd10f3000.png used on input line 644.
(pdftex.def)             Requested size: 125.05113pt x 132.30295pt.
 [27 <./figures/dsbblockdiagram.png>] [28 <./figures/dsbd10f300.png> <./figures
/dsbd10f500.png> <./figures/dsbd10f1000.png> <./figures/dsbd10f1700.png> <./fig
ures/dsbd10f2500.png> <./figures/dsbd10f3000.png>] [29] <figures/mvdrd10f300.pn
g, id=912, 155.45578pt x 164.48953pt>
File: figures/mvdrd10f300.png Graphic file (type png)

<use figures/mvdrd10f300.png>
Package pdftex.def Info: figures/mvdrd10f300.png used on input line 713.
(pdftex.def)             Requested size: 125.05113pt x 132.31966pt.

<figures/mvdrd10f500.png, id=913, 155.45578pt x 164.48953pt>
File: figures/mvdrd10f500.png Graphic file (type png)

<use figures/mvdrd10f500.png>
Package pdftex.def Info: figures/mvdrd10f500.png used on input line 714.
(pdftex.def)             Requested size: 125.05113pt x 132.31966pt.

<figures/mvdrd10f1000.png, id=914, 155.45578pt x 164.48953pt>
File: figures/mvdrd10f1000.png Graphic file (type png)

<use figures/mvdrd10f1000.png>
Package pdftex.def Info: figures/mvdrd10f1000.png used on input line 715.
(pdftex.def)             Requested size: 125.05113pt x 132.31966pt.

<figures/mvdrd10f1700.png, id=915, 155.45578pt x 164.48953pt>
File: figures/mvdrd10f1700.png Graphic file (type png)

<use figures/mvdrd10f1700.png>
Package pdftex.def Info: figures/mvdrd10f1700.png used on input line 716.
(pdftex.def)             Requested size: 125.05113pt x 132.31966pt.

<figures/mvdrd10f2500.png, id=916, 155.45578pt x 164.48953pt>
File: figures/mvdrd10f2500.png Graphic file (type png)

<use figures/mvdrd10f2500.png>
Package pdftex.def Info: figures/mvdrd10f2500.png used on input line 717.
(pdftex.def)             Requested size: 125.05113pt x 132.31966pt.

<figures/mvdrd10f3000.png, id=917, 155.45578pt x 164.48953pt>
File: figures/mvdrd10f3000.png Graphic file (type png)

<use figures/mvdrd10f3000.png>
Package pdftex.def Info: figures/mvdrd10f3000.png used on input line 718.
(pdftex.def)             Requested size: 125.05113pt x 132.31966pt.

Underfull \vbox (badness 10000) has occurred while \output is active []

 [30]
[31 <./figures/mvdrd10f300.png> <./figures/mvdrd10f500.png> <./figures/mvdrd10f
1000.png> <./figures/mvdrd10f1700.png> <./figures/mvdrd10f2500.png> <./figures/
mvdrd10f3000.png>]
<figures/gsc_signal_flow.png, id=945, 444.91219pt x 285.31593pt>
File: figures/gsc_signal_flow.png Graphic file (type png)

<use figures/gsc_signal_flow.png>
Package pdftex.def Info: figures/gsc_signal_flow.png used on input line 733.
(pdftex.def)             Requested size: 291.78174pt x 187.11621pt.
 [32 <./figures/gsc_signal_flow.png>]
Underfull \vbox (badness 1226) has occurred while \output is active []

 [33]
[34] <figures/phasediffspectd2.png, id=982, 284.18672pt x 219.82124pt>
File: figures/phasediffspectd2.png Graphic file (type png)

<use figures/phasediffspectd2.png>
Package pdftex.def Info: figures/phasediffspectd2.png used on input line 798.
(pdftex.def)             Requested size: 204.2504pt x 157.99611pt.

<figures/phasediffspectd5.png, id=983, 284.18672pt x 219.82124pt>
File: figures/phasediffspectd5.png Graphic file (type png)

<use figures/phasediffspectd5.png>
Package pdftex.def Info: figures/phasediffspectd5.png used on input line 802.
(pdftex.def)             Requested size: 204.2504pt x 157.99611pt.

<figures/phasediffspectd15.png, id=984, 284.18672pt x 219.82124pt>
File: figures/phasediffspectd15.png Graphic file (type png)

<use figures/phasediffspectd15.png>
Package pdftex.def Info: figures/phasediffspectd15.png used on input line 807.
(pdftex.def)             Requested size: 204.2504pt x 157.99611pt.

<figures/spectsrc1.png, id=986, 290.20921pt x 219.82124pt>
File: figures/spectsrc1.png Graphic file (type png)

<use figures/spectsrc1.png>
Package pdftex.def Info: figures/spectsrc1.png used on input line 819.
(pdftex.def)             Requested size: 204.2504pt x 154.71236pt.

<figures/naivemask1.png, id=987, 272.51813pt x 219.82124pt>
File: figures/naivemask1.png Graphic file (type png)

<use figures/naivemask1.png>
Package pdftex.def Info: figures/naivemask1.png used on input line 823.
(pdftex.def)             Requested size: 204.2504pt x 164.75482pt.

<figures/spectnaive1.png, id=988, 290.20921pt x 219.82124pt>
File: figures/spectnaive1.png Graphic file (type png)

<use figures/spectnaive1.png>
Package pdftex.def Info: figures/spectnaive1.png used on input line 828.
(pdftex.def)             Requested size: 204.2504pt x 154.71236pt.
 [35 <./figures/phasediffspectd2.png> <./figures/phasediffspectd5.png> <./figur
es/phasediffspectd15.png>] [36 <./figures/spectsrc1.png> <./figures/naivemask1.
png> <./figures/spectnaive1.png>]
File: figures/naivemask1.png Graphic file (type png)

<use figures/naivemask1.png>
Package pdftex.def Info: figures/naivemask1.png used on input line 863.
(pdftex.def)             Requested size: 204.2504pt x 164.75482pt.

<figures/maskkmeans.png, id=1011, 272.51813pt x 219.44484pt>
File: figures/maskkmeans.png Graphic file (type png)

<use figures/maskkmeans.png>
Package pdftex.def Info: figures/maskkmeans.png used on input line 867.
(pdftex.def)             Requested size: 204.2504pt x 164.47272pt.

Underfull \vbox (badness 2173) has occurred while \output is active []

 [37]
[38 <./figures/maskkmeans.png>]
File: figures/maskkmeans.png Graphic file (type png)
 <use figures/maskkmeans.png>
Package pdftex.def Info: figures/maskkmeans.png used on input line 897.
(pdftex.def)             Requested size: 204.2504pt x 164.47272pt.

<figures/maskFCM.png, id=1033, 272.51813pt x 219.44484pt>
File: figures/maskFCM.png Graphic file (type png)

<use figures/maskFCM.png>
Package pdftex.def Info: figures/maskFCM.png used on input line 901.
(pdftex.def)             Requested size: 204.2504pt x 164.47272pt.
 [39 <./figures/maskFCM.png>]
<figures/maskfail.png, id=1046, 272.51813pt x 219.44484pt>
File: figures/maskfail.png Graphic file (type png)

<use figures/maskfail.png>
Package pdftex.def Info: figures/maskfail.png used on input line 928.
(pdftex.def)             Requested size: 204.2504pt x 164.47272pt.

<figures/doahistr0.png, id=1048, 370.76016pt x 296.23172pt>
File: figures/doahistr0.png Graphic file (type png)

<use figures/doahistr0.png>
Package pdftex.def Info: figures/doahistr0.png used on input line 938.
(pdftex.def)             Requested size: 204.2504pt x 163.19463pt.

<figures/doahistr200.png, id=1049, 377.53546pt x 296.23172pt>
File: figures/doahistr200.png Graphic file (type png)

<use figures/doahistr200.png>
Package pdftex.def Info: figures/doahistr200.png used on input line 942.
(pdftex.def)             Requested size: 204.2504pt x 160.26558pt.
 [40 <./figures/maskfail.png> <./figures/doahistr0.png> <./figures/doahistr200.
png>]
<figures/snrspect.png, id=1061, 290.20921pt x 219.82124pt>
File: figures/snrspect.png Graphic file (type png)

<use figures/snrspect.png>
Package pdftex.def Info: figures/snrspect.png used on input line 980.
(pdftex.def)             Requested size: 204.2504pt x 154.71236pt.
 [41]
<figures/maskwFCM.png, id=1075, 272.51813pt x 219.44484pt>
File: figures/maskwFCM.png Graphic file (type png)

<use figures/maskwFCM.png>
Package pdftex.def Info: figures/maskwFCM.png used on input line 995.
(pdftex.def)             Requested size: 204.2504pt x 164.47272pt.

<figures/maskwFCM_SNR_.png, id=1076, 272.51813pt x 219.44484pt>
File: figures/maskwFCM_SNR_.png Graphic file (type png)

<use figures/maskwFCM_SNR_.png>
Package pdftex.def Info: figures/maskwFCM_SNR_.png used on input line 999.
(pdftex.def)             Requested size: 204.2504pt x 164.47272pt.
 [42 <./figures/snrspect.png> <./figures/maskwFCM.png> <./figures/maskwFCM_SNR_
.png>]
<figures/maskwCFCM.png, id=1091, 272.51813pt x 219.44484pt>
File: figures/maskwCFCM.png Graphic file (type png)

<use figures/maskwCFCM.png>
Package pdftex.def Info: figures/maskwCFCM.png used on input line 1036.
(pdftex.def)             Requested size: 204.2504pt x 164.47272pt.

<figures/maskwCFCMfail.png, id=1092, 272.51813pt x 219.44484pt>
File: figures/maskwCFCMfail.png Graphic file (type png)

<use figures/maskwCFCMfail.png>
Package pdftex.def Info: figures/maskwCFCMfail.png used on input line 1041.
(pdftex.def)             Requested size: 204.2504pt x 164.47272pt.

Underfull \vbox (badness 10000) has occurred while \output is active []

 [43]
[44 <./figures/maskwCFCM.png> <./figures/maskwCFCMfail.png>]
Underfull \vbox (badness 4765) has occurred while \output is active []

 [45]
<figures/neural_network.png, id=1127, 562.1pt x 501.875pt>
File: figures/neural_network.png Graphic file (type png)

<use figures/neural_network.png>
Package pdftex.def Info: figures/neural_network.png used on input line 1082.
(pdftex.def)             Requested size: 145.89404pt x 130.26233pt.
 [46 <./figures/neural_network.png>]
<figures/ml.png, id=1143, 653.44125pt x 181.67876pt>
File: figures/ml.png Graphic file (type png)
 <use figures/ml.png>
Package pdftex.def Info: figures/ml.png used on input line 1106.
(pdftex.def)             Requested size: 291.78174pt x 81.12538pt.

[47] [48 <./figures/ml.png>]
Package epstopdf Info: Source file: <figures/evalstoi.eps>
(epstopdf)                    date: 2018-06-20 21:22:48
(epstopdf)                    size: 36017 bytes
(epstopdf)             Output file: <figures/evalstoi-eps-converted-to.pdf>
(epstopdf)                    date: 2018-06-20 21:23:14
(epstopdf)                    size: 8737 bytes
(epstopdf)             Command: <epstopdf --outfile=figures/evalstoi-eps-conver
ted-to.pdf figures/evalstoi.eps>
(epstopdf)             \includegraphics on input line 1128.
Package epstopdf Info: Output file is already uptodate.

<figures/evalstoi-eps-converted-to.pdf, id=1164, 284.06125pt x 215.80624pt>
File: figures/evalstoi-eps-converted-to.pdf Graphic file (type pdf)

<use figures/evalstoi-eps-converted-to.pdf>
Package pdftex.def Info: figures/evalstoi-eps-converted-to.pdf used on input li
ne 1128.
(pdftex.def)             Requested size: 204.2504pt x 155.1795pt.
 [49 <./figures/evalstoi-eps-converted-to.pdf>]
Package epstopdf Info: Source file: <figures/evalsir.eps>
(epstopdf)                    date: 2018-06-20 21:22:48
(epstopdf)                    size: 33910 bytes
(epstopdf)             Output file: <figures/evalsir-eps-converted-to.pdf>
(epstopdf)                    date: 2018-06-20 21:23:14
(epstopdf)                    size: 8209 bytes
(epstopdf)             Command: <epstopdf --outfile=figures/evalsir-eps-convert
ed-to.pdf figures/evalsir.eps>
(epstopdf)             \includegraphics on input line 1141.
Package epstopdf Info: Output file is already uptodate.

<figures/evalsir-eps-converted-to.pdf, id=1178, 284.06125pt x 215.80624pt>
File: figures/evalsir-eps-converted-to.pdf Graphic file (type pdf)

<use figures/evalsir-eps-converted-to.pdf>
Package pdftex.def Info: figures/evalsir-eps-converted-to.pdf used on input lin
e 1141.
(pdftex.def)             Requested size: 204.2504pt x 155.1795pt.
Package epstopdf Info: Source file: <figures/evalpesq.eps>
(epstopdf)                    date: 2018-06-20 21:22:48
(epstopdf)                    size: 35524 bytes
(epstopdf)             Output file: <figures/evalpesq-eps-converted-to.pdf>
(epstopdf)                    date: 2018-06-20 21:23:14
(epstopdf)                    size: 8583 bytes
(epstopdf)             Command: <epstopdf --outfile=figures/evalpesq-eps-conver
ted-to.pdf figures/evalpesq.eps>
(epstopdf)             \includegraphics on input line 1145.
Package epstopdf Info: Output file is already uptodate.

<figures/evalpesq-eps-converted-to.pdf, id=1179, 284.06125pt x 215.80624pt>
File: figures/evalpesq-eps-converted-to.pdf Graphic file (type pdf)

<use figures/evalpesq-eps-converted-to.pdf>
Package pdftex.def Info: figures/evalpesq-eps-converted-to.pdf used on input li
ne 1145.
(pdftex.def)             Requested size: 204.2504pt x 155.1795pt.

<figures/mushra_training.png, id=1184, 481.0809pt x 168.27045pt>
File: figures/mushra_training.png Graphic file (type png)

<use figures/mushra_training.png>
Package pdftex.def Info: figures/mushra_training.png used on input line 1161.
(pdftex.def)             Requested size: 204.2504pt x 71.44081pt.

Overfull \hbox (0.79999pt too wide) in paragraph at lines 1161--1162
[][] 
 []

<figures/mushra_evaluation.png, id=1185, 417.44016pt x 332.7656pt>
File: figures/mushra_evaluation.png Graphic file (type png)

<use figures/mushra_evaluation.png>
Package pdftex.def Info: figures/mushra_evaluation.png used on input line 1165.

(pdftex.def)             Requested size: 204.2504pt x 162.81792pt.

Overfull \hbox (0.79999pt too wide) in paragraph at lines 1165--1166
[][] 
 []

[50 <./figures/evalsir-eps-converted-to.pdf> <./figures/evalpesq-eps-converted-
to.pdf>] [51 <./figures/mushra_training.png> <./figures/mushra_evaluation.png>]
[52] [53] <figures/gantt.jpg, id=1222, 2871.97969pt x 1129.21875pt>
File: figures/gantt.jpg Graphic file (type jpg)

<use figures/gantt.jpg>
Package pdftex.def Info: figures/gantt.jpg used on input line 1226.
(pdftex.def)             Requested size: 700.50687pt x 275.42903pt.

Overfull \hbox (0.79999pt too wide) in paragraph at lines 1226--1227
 [][] 
 []

[54

 <./figures/gantt.jpg>] [55


] [56] (./main.bbl
Missing character: There is no  in font cmr12!
Missing character: There is no  in font cmr12!
Missing character: There is no  in font cmr12!
 [57] [58]
Missing character: There is no  in font cmr12!
Missing character: There is no  in font cmr12!
Missing character: There is no  in font cmr12!
Missing character: There is no  in font cmr12!
Missing character: There is no  in font cmr12!
Missing character: There is no  in font cmr12!
Missing character: There is no  in font cmr12!
Missing character: There is no  in font cmr12!
Missing character: There is no  in font cmr12!

** WARNING: IEEEtran.bst: No hyphenation pattern has been
** loaded for the language `eng'. Using the pattern for
** the default language instead.
** WARNING: IEEEtran.bst: No hyphenation pattern has been
** loaded for the language `eng'. Using the pattern for
** the default language instead.

Underfull \hbox (badness 1158) in paragraph at lines 219--223
\OT1/cmr/m/n/12 Around Hu-man Talk-ers,'' \OT1/cmr/m/it/12 Re-search Re-port (N
a-tional Re-search Coun-cil
 []

[59] [60]) [61]
Package epstopdf Info: Source file: <figures/1s_lo.eps>
(epstopdf)                    date: 2018-06-20 21:22:58
(epstopdf)                    size: 280317 bytes
(epstopdf)             Output file: <figures/1s_lo-eps-converted-to.pdf>
(epstopdf)                    date: 2018-06-20 21:23:04
(epstopdf)                    size: 141339 bytes
(epstopdf)             Command: <epstopdf --outfile=figures/1s_lo-eps-converted
-to.pdf figures/1s_lo.eps>
(epstopdf)             \includegraphics on input line 1279.
Package epstopdf Info: Output file is already uptodate.
File: figures/1s_lo-eps-converted-to.pdf Graphic file (type pdf)
 <use figures/1s_lo-eps-converted-to.pdf>
Package pdftex.def Info: figures/1s_lo-eps-converted-to.pdf used on input line 
1279.
(pdftex.def)             Requested size: 125.05113pt x 129.08546pt.
Package epstopdf Info: Source file: <figures/1s_ir.eps>
(epstopdf)                    date: 2018-06-20 21:22:58
(epstopdf)                    size: 504481 bytes
(epstopdf)             Output file: <figures/1s_ir-eps-converted-to.pdf>
(epstopdf)                    date: 2018-06-20 21:23:15
(epstopdf)                    size: 107496 bytes
(epstopdf)             Command: <epstopdf --outfile=figures/1s_ir-eps-converted
-to.pdf figures/1s_ir.eps>
(epstopdf)             \includegraphics on input line 1282.
Package epstopdf Info: Output file is already uptodate.

<figures/1s_ir-eps-converted-to.pdf, id=1271, 504.88625pt x 323.2075pt>
File: figures/1s_ir-eps-converted-to.pdf Graphic file (type pdf)

<use figures/1s_ir-eps-converted-to.pdf>
Package pdftex.def Info: figures/1s_ir-eps-converted-to.pdf used on input line 
1282.
(pdftex.def)             Requested size: 229.25935pt x 146.76373pt.
Package epstopdf Info: Source file: <figures/1m_lo.eps>
(epstopdf)                    date: 2018-06-20 21:22:55
(epstopdf)                    size: 321300 bytes
(epstopdf)             Output file: <figures/1m_lo-eps-converted-to.pdf>
(epstopdf)                    date: 2018-06-20 21:23:16
(epstopdf)                    size: 147868 bytes
(epstopdf)             Command: <epstopdf --outfile=figures/1m_lo-eps-converted
-to.pdf figures/1m_lo.eps>
(epstopdf)             \includegraphics on input line 1290.
Package epstopdf Info: Output file is already uptodate.

<figures/1m_lo-eps-converted-to.pdf, id=1272, 297.11pt x 317.185pt>
File: figures/1m_lo-eps-converted-to.pdf Graphic file (type pdf)

<use figures/1m_lo-eps-converted-to.pdf>
Package pdftex.def Info: figures/1m_lo-eps-converted-to.pdf used on input line 
1290.
(pdftex.def)             Requested size: 125.05113pt x 133.50233pt.
Package epstopdf Info: Source file: <figures/1m_ir.eps>
(epstopdf)                    date: 2018-06-20 21:22:55
(epstopdf)                    size: 608001 bytes
(epstopdf)             Output file: <figures/1m_ir-eps-converted-to.pdf>
(epstopdf)                    date: 2018-06-20 21:23:17
(epstopdf)                    size: 128159 bytes
(epstopdf)             Command: <epstopdf --outfile=figures/1m_ir-eps-converted
-to.pdf figures/1m_ir.eps>
(epstopdf)             \includegraphics on input line 1293.
Package epstopdf Info: Output file is already uptodate.

<figures/1m_ir-eps-converted-to.pdf, id=1273, 499.8675pt x 323.2075pt>
File: figures/1m_ir-eps-converted-to.pdf Graphic file (type pdf)

<use figures/1m_ir-eps-converted-to.pdf>
Package pdftex.def Info: figures/1m_ir-eps-converted-to.pdf used on input line 
1293.
(pdftex.def)             Requested size: 229.25935pt x 148.2334pt.
Package epstopdf Info: Source file: <figures/1l_lo.eps>
(epstopdf)                    date: 2018-06-20 21:22:55
(epstopdf)                    size: 319050 bytes
(epstopdf)             Output file: <figures/1l_lo-eps-converted-to.pdf>
(epstopdf)                    date: 2018-06-20 21:23:17
(epstopdf)                    size: 135872 bytes
(epstopdf)             Command: <epstopdf --outfile=figures/1l_lo-eps-converted
-to.pdf figures/1l_lo.eps>
(epstopdf)             \includegraphics on input line 1301.
Package epstopdf Info: Output file is already uptodate.

<figures/1l_lo-eps-converted-to.pdf, id=1274, 302.12875pt x 317.185pt>
File: figures/1l_lo-eps-converted-to.pdf Graphic file (type pdf)

<use figures/1l_lo-eps-converted-to.pdf>
Package pdftex.def Info: figures/1l_lo-eps-converted-to.pdf used on input line 
1301.
(pdftex.def)             Requested size: 125.05113pt x 131.28084pt.
Package epstopdf Info: Source file: <figures/1l_ir.eps>
(epstopdf)                    date: 2018-06-20 21:22:54
(epstopdf)                    size: 643383 bytes
(epstopdf)             Output file: <figures/1l_ir-eps-converted-to.pdf>
(epstopdf)                    date: 2018-06-20 21:23:18
(epstopdf)                    size: 135231 bytes
(epstopdf)             Command: <epstopdf --outfile=figures/1l_ir-eps-converted
-to.pdf figures/1l_ir.eps>
(epstopdf)             \includegraphics on input line 1304.
Package epstopdf Info: Output file is already uptodate.

<figures/1l_ir-eps-converted-to.pdf, id=1275, 499.8675pt x 323.2075pt>
File: figures/1l_ir-eps-converted-to.pdf Graphic file (type pdf)

<use figures/1l_ir-eps-converted-to.pdf>
Package pdftex.def Info: figures/1l_ir-eps-converted-to.pdf used on input line 
1304.
(pdftex.def)             Requested size: 229.25935pt x 148.2334pt.
 [62 <./figures/1s_ir-eps-converted-to.pdf> <./figures/1m_lo-eps-converted-to.p
df> <./figures/1m_ir-eps-converted-to.pdf> <./figures/1l_lo-eps-converted-to.pd
f> <./figures/1l_ir-eps-converted-to.pdf>]
Package epstopdf Info: Source file: <figures/2s_lo.eps>
(epstopdf)                    date: 2018-06-20 21:22:57
(epstopdf)                    size: 282475 bytes
(epstopdf)             Output file: <figures/2s_lo-eps-converted-to.pdf>
(epstopdf)                    date: 2018-06-20 21:23:04
(epstopdf)                    size: 143197 bytes
(epstopdf)             Command: <epstopdf --outfile=figures/2s_lo-eps-converted
-to.pdf figures/2s_lo.eps>
(epstopdf)             \includegraphics on input line 1312.
Package epstopdf Info: Output file is already uptodate.
File: figures/2s_lo-eps-converted-to.pdf Graphic file (type pdf)
 <use figures/2s_lo-eps-converted-to.pdf>
Package pdftex.def Info: figures/2s_lo-eps-converted-to.pdf used on input line 
1312.
(pdftex.def)             Requested size: 145.89404pt x 150.60133pt.
Package epstopdf Info: Source file: <figures/2s_ir.eps>
(epstopdf)                    date: 2018-06-20 21:22:57
(epstopdf)                    size: 491381 bytes
(epstopdf)             Output file: <figures/2s_ir-eps-converted-to.pdf>
(epstopdf)                    date: 2018-06-20 21:23:19
(epstopdf)                    size: 96776 bytes
(epstopdf)             Command: <epstopdf --outfile=figures/2s_ir-eps-converted
-to.pdf figures/2s_ir.eps>
(epstopdf)             \includegraphics on input line 1315.
Package epstopdf Info: Output file is already uptodate.

<figures/2s_ir-eps-converted-to.pdf, id=1388, 504.88625pt x 323.2075pt>
File: figures/2s_ir-eps-converted-to.pdf Graphic file (type pdf)

<use figures/2s_ir-eps-converted-to.pdf>
Package pdftex.def Info: figures/2s_ir-eps-converted-to.pdf used on input line 
1315.
(pdftex.def)             Requested size: 250.10226pt x 160.1041pt.
Package epstopdf Info: Source file: <figures/2m_lo.eps>
(epstopdf)                    date: 2018-06-20 21:22:56
(epstopdf)                    size: 322014 bytes
(epstopdf)             Output file: <figures/2m_lo-eps-converted-to.pdf>
(epstopdf)                    date: 2018-06-20 21:23:19
(epstopdf)                    size: 148920 bytes
(epstopdf)             Command: <epstopdf --outfile=figures/2m_lo-eps-converted
-to.pdf figures/2m_lo.eps>
(epstopdf)             \includegraphics on input line 1322.
Package epstopdf Info: Output file is already uptodate.

<figures/2m_lo-eps-converted-to.pdf, id=1389, 297.11pt x 317.185pt>
File: figures/2m_lo-eps-converted-to.pdf Graphic file (type pdf)

<use figures/2m_lo-eps-converted-to.pdf>
Package pdftex.def Info: figures/2m_lo-eps-converted-to.pdf used on input line 
1322.
(pdftex.def)             Requested size: 145.89404pt x 155.75595pt.
Package epstopdf Info: Source file: <figures/2m_ir.eps>
(epstopdf)                    date: 2018-06-20 21:22:56
(epstopdf)                    size: 624491 bytes
(epstopdf)             Output file: <figures/2m_ir-eps-converted-to.pdf>
(epstopdf)                    date: 2018-06-20 21:23:20
(epstopdf)                    size: 116670 bytes
(epstopdf)             Command: <epstopdf --outfile=figures/2m_ir-eps-converted
-to.pdf figures/2m_ir.eps>
(epstopdf)             \includegraphics on input line 1325.
Package epstopdf Info: Output file is already uptodate.

<figures/2m_ir-eps-converted-to.pdf, id=1390, 504.88625pt x 323.2075pt>
File: figures/2m_ir-eps-converted-to.pdf Graphic file (type pdf)

<use figures/2m_ir-eps-converted-to.pdf>
Package pdftex.def Info: figures/2m_ir-eps-converted-to.pdf used on input line 
1325.
(pdftex.def)             Requested size: 250.10226pt x 160.1041pt.
Package epstopdf Info: Source file: <figures/2l_lo.eps>
(epstopdf)                    date: 2018-06-20 21:22:54
(epstopdf)                    size: 318257 bytes
(epstopdf)             Output file: <figures/2l_lo-eps-converted-to.pdf>
(epstopdf)                    date: 2018-06-20 21:23:21
(epstopdf)                    size: 136984 bytes
(epstopdf)             Command: <epstopdf --outfile=figures/2l_lo-eps-converted
-to.pdf figures/2l_lo.eps>
(epstopdf)             \includegraphics on input line 1332.
Package epstopdf Info: Output file is already uptodate.

<figures/2l_lo-eps-converted-to.pdf, id=1391, 302.12875pt x 317.185pt>
File: figures/2l_lo-eps-converted-to.pdf Graphic file (type pdf)

<use figures/2l_lo-eps-converted-to.pdf>
Package pdftex.def Info: figures/2l_lo-eps-converted-to.pdf used on input line 
1332.
(pdftex.def)             Requested size: 145.89404pt x 153.16179pt.
Package epstopdf Info: Source file: <figures/2l_ir.eps>
(epstopdf)                    date: 2018-06-20 21:22:57
(epstopdf)                    size: 676610 bytes
(epstopdf)             Output file: <figures/2l_ir-eps-converted-to.pdf>
(epstopdf)                    date: 2018-06-20 21:23:22
(epstopdf)                    size: 126116 bytes
(epstopdf)             Command: <epstopdf --outfile=figures/2l_ir-eps-converted
-to.pdf figures/2l_ir.eps>
(epstopdf)             \includegraphics on input line 1335.
Package epstopdf Info: Output file is already uptodate.

<figures/2l_ir-eps-converted-to.pdf, id=1392, 504.88625pt x 323.2075pt>
File: figures/2l_ir-eps-converted-to.pdf Graphic file (type pdf)

<use figures/2l_ir-eps-converted-to.pdf>
Package pdftex.def Info: figures/2l_ir-eps-converted-to.pdf used on input line 
1335.
(pdftex.def)             Requested size: 250.10226pt x 160.1041pt.
 [63 <./figures/2s_ir-eps-converted-to.pdf> <./figures/2m_lo-eps-converted-to.p
df> <./figures/2m_ir-eps-converted-to.pdf> <./figures/2l_lo-eps-converted-to.pd
f> <./figures/2l_ir-eps-converted-to.pdf>]
Package epstopdf Info: Source file: <figures/3s_lo.eps>
(epstopdf)                    date: 2018-06-20 21:22:57
(epstopdf)                    size: 281830 bytes
(epstopdf)             Output file: <figures/3s_lo-eps-converted-to.pdf>
(epstopdf)                    date: 2018-06-20 21:23:05
(epstopdf)                    size: 142984 bytes
(epstopdf)             Command: <epstopdf --outfile=figures/3s_lo-eps-converted
-to.pdf figures/3s_lo.eps>
(epstopdf)             \includegraphics on input line 1343.
Package epstopdf Info: Output file is already uptodate.
File: figures/3s_lo-eps-converted-to.pdf Graphic file (type pdf)
 <use figures/3s_lo-eps-converted-to.pdf>
Package pdftex.def Info: figures/3s_lo-eps-converted-to.pdf used on input line 
1343.
(pdftex.def)             Requested size: 145.89404pt x 150.60133pt.
Package epstopdf Info: Source file: <figures/3s_ir.eps>
(epstopdf)                    date: 2018-06-20 21:22:57
(epstopdf)                    size: 506030 bytes
(epstopdf)             Output file: <figures/3s_ir-eps-converted-to.pdf>
(epstopdf)                    date: 2018-06-20 21:23:22
(epstopdf)                    size: 99650 bytes
(epstopdf)             Command: <epstopdf --outfile=figures/3s_ir-eps-converted
-to.pdf figures/3s_ir.eps>
(epstopdf)             \includegraphics on input line 1346.
Package epstopdf Info: Output file is already uptodate.

<figures/3s_ir-eps-converted-to.pdf, id=1506, 504.88625pt x 323.2075pt>
File: figures/3s_ir-eps-converted-to.pdf Graphic file (type pdf)

<use figures/3s_ir-eps-converted-to.pdf>
Package pdftex.def Info: figures/3s_ir-eps-converted-to.pdf used on input line 
1346.
(pdftex.def)             Requested size: 250.10226pt x 160.1041pt.
Package epstopdf Info: Source file: <figures/3m_lo.eps>
(epstopdf)                    date: 2018-06-20 21:22:56
(epstopdf)                    size: 322449 bytes
(epstopdf)             Output file: <figures/3m_lo-eps-converted-to.pdf>
(epstopdf)                    date: 2018-06-20 21:23:23
(epstopdf)                    size: 149042 bytes
(epstopdf)             Command: <epstopdf --outfile=figures/3m_lo-eps-converted
-to.pdf figures/3m_lo.eps>
(epstopdf)             \includegraphics on input line 1353.
Package epstopdf Info: Output file is already uptodate.

<figures/3m_lo-eps-converted-to.pdf, id=1507, 297.11pt x 317.185pt>
File: figures/3m_lo-eps-converted-to.pdf Graphic file (type pdf)

<use figures/3m_lo-eps-converted-to.pdf>
Package pdftex.def Info: figures/3m_lo-eps-converted-to.pdf used on input line 
1353.
(pdftex.def)             Requested size: 145.89404pt x 155.75595pt.
Package epstopdf Info: Source file: <figures/3m_ir.eps>
(epstopdf)                    date: 2018-06-20 21:22:56
(epstopdf)                    size: 631147 bytes
(epstopdf)             Output file: <figures/3m_ir-eps-converted-to.pdf>
(epstopdf)                    date: 2018-06-20 21:23:24
(epstopdf)                    size: 119580 bytes
(epstopdf)             Command: <epstopdf --outfile=figures/3m_ir-eps-converted
-to.pdf figures/3m_ir.eps>
(epstopdf)             \includegraphics on input line 1356.
Package epstopdf Info: Output file is already uptodate.

<figures/3m_ir-eps-converted-to.pdf, id=1508, 504.88625pt x 323.2075pt>
File: figures/3m_ir-eps-converted-to.pdf Graphic file (type pdf)

<use figures/3m_ir-eps-converted-to.pdf>
Package pdftex.def Info: figures/3m_ir-eps-converted-to.pdf used on input line 
1356.
(pdftex.def)             Requested size: 250.10226pt x 160.1041pt.
Package epstopdf Info: Source file: <figures/3l_lo.eps>
(epstopdf)                    date: 2018-06-20 21:22:57
(epstopdf)                    size: 317857 bytes
(epstopdf)             Output file: <figures/3l_lo-eps-converted-to.pdf>
(epstopdf)                    date: 2018-06-20 21:23:25
(epstopdf)                    size: 137038 bytes
(epstopdf)             Command: <epstopdf --outfile=figures/3l_lo-eps-converted
-to.pdf figures/3l_lo.eps>
(epstopdf)             \includegraphics on input line 1363.
Package epstopdf Info: Output file is already uptodate.

<figures/3l_lo-eps-converted-to.pdf, id=1509, 302.12875pt x 317.185pt>
File: figures/3l_lo-eps-converted-to.pdf Graphic file (type pdf)

<use figures/3l_lo-eps-converted-to.pdf>
Package pdftex.def Info: figures/3l_lo-eps-converted-to.pdf used on input line 
1363.
(pdftex.def)             Requested size: 145.89404pt x 153.16179pt.
Package epstopdf Info: Source file: <figures/3l_ir.eps>
(epstopdf)                    date: 2018-06-20 21:22:58
(epstopdf)                    size: 725537 bytes
(epstopdf)             Output file: <figures/3l_ir-eps-converted-to.pdf>
(epstopdf)                    date: 2018-06-20 21:23:26
(epstopdf)                    size: 127483 bytes
(epstopdf)             Command: <epstopdf --outfile=figures/3l_ir-eps-converted
-to.pdf figures/3l_ir.eps>
(epstopdf)             \includegraphics on input line 1366.
Package epstopdf Info: Output file is already uptodate.

<figures/3l_ir-eps-converted-to.pdf, id=1510, 504.88625pt x 323.2075pt>
File: figures/3l_ir-eps-converted-to.pdf Graphic file (type pdf)

<use figures/3l_ir-eps-converted-to.pdf>
Package pdftex.def Info: figures/3l_ir-eps-converted-to.pdf used on input line 
1366.
(pdftex.def)             Requested size: 250.10226pt x 160.1041pt.
 [64 <./figures/3s_ir-eps-converted-to.pdf> <./figures/3m_lo-eps-converted-to.p
df> <./figures/3m_ir-eps-converted-to.pdf> <./figures/3l_lo-eps-converted-to.pd
f> <./figures/3l_ir-eps-converted-to.pdf>] (./Beamforming.m
LaTeX Font Info:    Try loading font information for OMS+cmr on input line 27.
 (/usr/share/texlive/texmf-dist/tex/latex/base/omscmr.fd
File: omscmr.fd 2014/09/29 v2.5h Standard LaTeX font definitions
)
LaTeX Font Info:    Font shape `OMS/cmr/m/n' in size <8> not available
(Font)              Font shape `OMS/cmsy/m/n' tried instead on input line 27.
LaTeX Font Info:    Try loading font information for OML+cmr on input line 28.

(/usr/share/texlive/texmf-dist/tex/latex/base/omlcmr.fd
File: omlcmr.fd 2014/09/29 v2.5h Standard LaTeX font definitions
)
LaTeX Font Info:    Font shape `OML/cmr/m/n' in size <8> not available
(Font)              Font shape `OML/cmm/m/it' tried instead on input line 28.

Underfull \vbox (badness 10000) has occurred while \output is active []

 [65

]
Underfull \vbox (badness 10000) has occurred while \output is active []

) [66]
(./PhaseClustering.m
Underfull \vbox (badness 1424) has occurred while \output is active []


Underfull \vbox (badness 10000) has occurred while \output is active []

 [67]
Underfull \vbox (badness 10000) has occurred while \output is active []


Underfull \vbox (badness 10000) has occurred while \output is active []

 [68])
Package atveryend Info: Empty hook `BeforeClearDocument' on input line 1381.

[69

]
Package atveryend Info: Empty hook `AfterLastShipout' on input line 1381.
 (./main.aux)
Package atveryend Info: Executing hook `AtVeryEndDocument' on input line 1381.
Package atveryend Info: Executing hook `AtEndAfterFileList' on input line 1381.

Package rerunfilecheck Info: File `main.out' has not changed.
(rerunfilecheck)             Checksum: 3BB8E41AD051FA445EAD0D892145FFC8;732.
 )
(\end occurred inside a group at level 3)

### semi simple group (level 3) entered at line 108 (\begingroup)
### semi simple group (level 2) entered at line 97 (\begingroup)
### semi simple group (level 1) entered at line 75 (\begingroup)
### bottom level 
Here is how much of TeX's memory you used:
 25754 strings out of 493013
 475135 string characters out of 6135682
 925044 words of memory out of 5000000
 28208 multiletter control sequences out of 15000+600000
 20146 words of font info for 77 fonts, out of 8000000 for 9000
 1141 hyphenation exceptions out of 8191
 66i,16n,144p,10383b,3594s stack positions out of 5000i,500n,10000p,200000b,80000s
{/usr/share/texmf/fonts/enc/dvips/cm-super/cm-super-ts1.enc}</u
sr/share/texlive/texmf-dist/fonts/type1/public/amsfonts/cm/cmbx12.pfb></usr/sha
re/texlive/texmf-dist/fonts/type1/public/amsfonts/cm/cmbx8.pfb></usr/share/texl
ive/texmf-dist/fonts/type1/public/amsfonts/cm/cmex10.pfb></usr/share/texlive/te
xmf-dist/fonts/type1/public/amsfonts/cm/cmmi10.pfb></usr/share/texlive/texmf-di
st/fonts/type1/public/amsfonts/cm/cmmi12.pfb></usr/share/texlive/texmf-dist/fon
ts/type1/public/amsfonts/cm/cmmi6.pfb></usr/share/texlive/texmf-dist/fonts/type
1/public/amsfonts/cm/cmmi8.pfb></usr/share/texlive/texmf-dist/fonts/type1/publi
c/amsfonts/cm/cmmib10.pfb></usr/share/texlive/texmf-dist/fonts/type1/public/ams
fonts/cmextra/cmmib8.pfb></usr/share/texlive/texmf-dist/fonts/type1/public/amsf
onts/cm/cmr10.pfb></usr/share/texlive/texmf-dist/fonts/type1/public/amsfonts/cm
/cmr12.pfb></usr/share/texlive/texmf-dist/fonts/type1/public/amsfonts/cm/cmr17.
pfb></usr/share/texlive/texmf-dist/fonts/type1/public/amsfonts/cm/cmr6.pfb></us
r/share/texlive/texmf-dist/fonts/type1/public/amsfonts/cm/cmr7.pfb></usr/share/
texlive/texmf-dist/fonts/type1/public/amsfonts/cm/cmr8.pfb></usr/share/texlive/
texmf-dist/fonts/type1/public/amsfonts/cm/cmsy10.pfb></usr/share/texlive/texmf-
dist/fonts/type1/public/amsfonts/cm/cmsy6.pfb></usr/share/texlive/texmf-dist/fo
nts/type1/public/amsfonts/cm/cmsy8.pfb></usr/share/texlive/texmf-dist/fonts/typ
e1/public/amsfonts/cm/cmti12.pfb></usr/share/texlive/texmf-dist/fonts/type1/pub
lic/amsfonts/cm/cmtt12.pfb></usr/share/texlive/texmf-dist/fonts/type1/public/am
sfonts/symbols/msam10.pfb></usr/share/texmf/fonts/type1/public/cm-super/sfrm080
0.pfb></usr/share/texmf/fonts/type1/public/cm-super/sfrm1200.pfb>
Output written on main.pdf (78 pages, 8458559 bytes).
PDF statistics:
 2209 PDF objects out of 2487 (max. 8388607)
 1547 compressed objects within 16 object streams
 665 named destinations out of 1000 (max. 500000)
 520 words of extra memory for PDF output out of 10000 (max. 10000000)

